2019-02-15T22:35:57+00:00 PmFCJcW9 waveguide-roo INFO Waveguide run number: 282.
2019-02-15T22:35:57+00:00 PmFCJcW9 waveguide-roo INFO Working directory: /tmp/waveguide-SAFr
2019-02-15T22:35:57+00:00 PmFCJcW9 waveguide-roo INFO Nix install script verison: https://0.entrypoint.co/scripts/hypered-nix-2.1.1-install.sh.
2019-02-15T22:35:57+00:00 PmFCJcW9 waveguide-roo INFO Nix nixpkgs tarball: https://0.entrypoint.co/git/nixpkgs/archive/e9d4bab04458cd03cb9029d2d571c37cc017ffdc.tar.gz.
2019-02-15T22:35:57+00:00 PmFCJcW9 waveguide-roo INFO Nix cache: https://0.entrypoint.co/cache.
2019-02-15T22:35:57+00:00 PmFCJcW9 waveguide-roo INFO Repository URL: https://0.entrypoint.co/git/waveguide.git.
2019-02-15T22:35:57+00:00 PmFCJcW9 waveguide-roo INFO Revision: 3e5edace881a703b27a938abbe6532be3a03837d.
2019-02-15T22:35:57+00:00 PmFCJcW9 waveguide-roo INFO Creating north user...
2019-02-15T22:35:57+00:00 PmFCJcW9 waveguide-roo INFO Extracting payload tarball...
2019-02-15T22:35:57+00:00 PmFCJcW9 waveguide-roo INFO Copying SSH deploy keys...
2019-02-15T22:35:57+00:00 PmFCJcW9 waveguide-roo INFO Creating Nix directories...
2019-02-15T22:35:57+00:00 PmFCJcW9 waveguide-roo INFO cURL and Git already installed.
2019-02-15T22:35:57+00:00 PmFCJcW9 waveguide-roo INFO Exec'ing the user script...
2019-02-15T22:35:57+00:00 PmFCJcW9 waveguide-usr INFO Running user script...
2019-02-15T22:35:57+00:00 PmFCJcW9 waveguide-usr INFO Installing Nix...
2019-02-15T22:35:57+00:00 PmFCJcW9 waveguide-usr INFO Running command curl -s https://0.entrypoint.co/scripts/hypered-nix-2.1.1-install.sh -o /home/north/install-nix.sh...
2019-02-15T22:35:57+00:00 PmFCJcW9 waveguide-usr INFO Running command /home/north/install-nix.sh...
2019-02-15T22:35:57+00:00 PmFCJcW9 waveguide-err INFO /home/north/install-nix.sh: line 1: html: No such file or directory
2019-02-15T22:35:57+00:00 PmFCJcW9 waveguide-err INFO /home/north/install-nix.sh: line 2: syntax error near unexpected token `<'
2019-02-15T22:35:57+00:00 PmFCJcW9 waveguide-err INFO /home/north/install-nix.sh: line 2: `<head><title>502 Bad Gateway</title></head>'
2019-02-15T22:35:57+00:00 PmFCJcW9 waveguide-usr INFO Adding /nix/store/h180y3n5k1ypxgm1pcvj243qix5j45zz-nix-2.1.1/bin/ to $PATH...
2019-02-15T22:35:57+00:00 PmFCJcW9 waveguide-usr INFO Running command nix --version...
2019-02-15T22:35:57+00:00 PmFCJcW9 waveguide-err INFO /tmp/waveguide-SAFr/as-north.sh: line 14: nix: command not found
2019-02-15T22:35:57+00:00 PmFCJcW9 waveguide-usr INFO Configuring cache...
2019-02-15T22:35:57+00:00 PmFCJcW9 waveguide-usr INFO Running command du -hs /nix/store...
2019-02-15T22:35:57+00:00 PmFCJcW9 waveguide-err INFO du: cannot access '/nix/store': No such file or directory
/tmp/waveguide-SAFr/as-north.sh: line 54: nix-prefetch-url: command not found
2019-02-15T22:35:57+00:00 PmFCJcW9 waveguide-usr INFO Setting default nixpkgs to .
2019-02-15T22:35:57+00:00 PmFCJcW9 waveguide-usr INFO Installing nix-prefetch-git...
2019-02-15T22:35:57+00:00 PmFCJcW9 waveguide-usr INFO Received signal EXIT.
