2019-02-15T09:27:01+00:00 oxZEndgb waveguide-roo INFO Waveguide run number: 273.
2019-02-15T09:27:01+00:00 oxZEndgb waveguide-roo INFO Working directory: /tmp/waveguide-TzPd
2019-02-15T09:27:01+00:00 oxZEndgb waveguide-roo INFO Nix install script verison: https://0.entrypoint.co/scripts/hypered-nix-2.1.1-install.sh.
2019-02-15T09:27:01+00:00 oxZEndgb waveguide-roo INFO Repository URL: https://0.entrypoint.co/git/waveguide.git.
2019-02-15T09:27:01+00:00 oxZEndgb waveguide-roo INFO Revision: 3e5edace881a703b27a938abbe6532be3a03837d.
2019-02-15T09:27:01+00:00 oxZEndgb waveguide-roo INFO Creating north user...
2019-02-15T09:27:01+00:00 oxZEndgb waveguide-roo INFO Extracting payload tarball...
2019-02-15T09:27:01+00:00 oxZEndgb waveguide-roo INFO Copying SSH deploy keys...
2019-02-15T09:27:01+00:00 oxZEndgb waveguide-roo INFO Creating Nix directories...
2019-02-15T09:27:01+00:00 oxZEndgb waveguide-roo INFO cURL and Git already installed.
2019-02-15T09:27:01+00:00 oxZEndgb waveguide-roo INFO Exec'ing the user script...
2019-02-15T09:27:01+00:00 oxZEndgb waveguide-usr INFO Running user script...
2019-02-15T09:27:01+00:00 oxZEndgb waveguide-usr INFO Installing Nix...
2019-02-15T09:27:01+00:00 oxZEndgb waveguide-usr INFO Running command curl -s https://0.entrypoint.co/scripts/hypered-nix-2.1.1-install.sh -o /home/north/install-nix.sh...
2019-02-15T09:27:01+00:00 oxZEndgb waveguide-usr INFO Running command /home/north/install-nix.sh...
2019-02-15T09:27:01+00:00 oxZEndgb waveguide-out INFO Creating temporary directory...
2019-02-15T09:27:01+00:00 oxZEndgb waveguide-out INFO Temporary directory is /tmp/nix-binary-tarball-unpack.eXTgi7jOQi.
2019-02-15T09:27:01+00:00 oxZEndgb waveguide-out INFO Downloading Nix 2.1.1 binary tarball for x86_64-linux from 'https://0.entrypoint.co/scripts/nix-2.1.1-x86_64-linux.tar.bz2' to '/tmp/nix-binary-tarball-unpack.eXTgi7jOQi'...
2019-02-15T09:27:01+00:00 oxZEndgb waveguide-out INFO Copying Nix to /nix/store................................
2019-02-15T09:27:01+00:00 oxZEndgb waveguide-out INFO Initialising Nix database...
2019-02-15T09:27:01+00:00 oxZEndgb waveguide-out INFO Nix is /nix/store/h180y3n5k1ypxgm1pcvj243qix5j45zz-nix-2.1.1.
2019-02-15T09:27:01+00:00 oxZEndgb waveguide-out INFO Sourcing this might be good: /nix/store/h180y3n5k1ypxgm1pcvj243qix5j45zz-nix-2.1.1/etc/profile.d/nix.sh
2019-02-15T09:27:01+00:00 oxZEndgb waveguide-out INFO Removing temporary directory...
2019-02-15T09:27:05+00:00 oxZEndgb waveguide-usr INFO Adding /nix/store/h180y3n5k1ypxgm1pcvj243qix5j45zz-nix-2.1.1/bin/ to $PATH...
2019-02-15T09:27:05+00:00 oxZEndgb waveguide-usr INFO Running command nix --version...
2019-02-15T09:27:05+00:00 oxZEndgb waveguide-out INFO nix (Nix) 2.1.1
2019-02-15T09:27:05+00:00 oxZEndgb waveguide-usr INFO Configuring cache...
2019-02-15T09:27:05+00:00 oxZEndgb waveguide-usr INFO Running command du -hs /nix/store...
2019-02-15T09:27:05+00:00 oxZEndgb waveguide-out INFO 71M	/nix/store
2019-02-15T09:27:05+00:00 oxZEndgb waveguide-usr INFO Setting default nixpkgs to https://0.entrypoint.co/git/nixpkgs/archive/e9d4bab04458cd03cb9029d2d571c37cc017ffdc.tar.gz.
2019-02-15T09:27:05+00:00 oxZEndgb waveguide-usr INFO Installing nix-prefetch-git...
2019-02-15T09:27:10+00:00 oxZEndgb waveguide-usr INFO Received signal EXIT.
