2019-02-13T15:54:35+00:00 p3xCcJ94 waveguide-roo INFO Waveguide run number: 263.
2019-02-13T15:54:35+00:00 p3xCcJ94 waveguide-roo INFO Working directory: /tmp/waveguide-Xi7D
2019-02-13T15:54:35+00:00 p3xCcJ94 waveguide-roo INFO Nix install script verison: https://0.entrypoint.co/scripts/hypered-nix-2.1.1-install.sh.
2019-02-13T15:54:35+00:00 p3xCcJ94 waveguide-roo INFO Repository URL: git@github.com:hypered/reesd-stack.git.
2019-02-13T15:54:35+00:00 p3xCcJ94 waveguide-roo INFO Revision: 334c6681eb9b3b22b3e0ead9e290ce3588fa62dd.
2019-02-13T15:54:35+00:00 p3xCcJ94 waveguide-roo INFO Creating north user...
2019-02-13T15:54:35+00:00 p3xCcJ94 waveguide-roo INFO Extracting payload tarball...
2019-02-13T15:54:35+00:00 p3xCcJ94 waveguide-roo INFO Copying SSH deploy keys...
2019-02-13T15:54:35+00:00 p3xCcJ94 waveguide-roo INFO Creating Nix directories...
2019-02-13T15:54:35+00:00 p3xCcJ94 waveguide-roo INFO cURL and Git already installed.
2019-02-13T15:54:35+00:00 p3xCcJ94 waveguide-roo INFO Exec'ing the user script...
2019-02-13T15:54:35+00:00 p3xCcJ94 waveguide-usr INFO Running user script...
2019-02-13T15:54:35+00:00 p3xCcJ94 waveguide-usr INFO Installing Nix...
2019-02-13T15:54:35+00:00 p3xCcJ94 waveguide-usr INFO Running command curl -s https://0.entrypoint.co/scripts/hypered-nix-2.1.1-install.sh -o /home/north/install-nix.sh...
2019-02-13T15:54:35+00:00 p3xCcJ94 waveguide-usr INFO Running command /home/north/install-nix.sh...
2019-02-13T15:54:35+00:00 p3xCcJ94 waveguide-err INFO /home/north/install-nix.sh: line 1: syntax error near unexpected token `<'
2019-02-13T15:54:35+00:00 p3xCcJ94 waveguide-err INFO /home/north/install-nix.sh: line 1: `<html><body><h1>503 Service Unavailable</h1>'
2019-02-13T15:54:35+00:00 p3xCcJ94 waveguide-usr INFO Adding /nix/store/h180y3n5k1ypxgm1pcvj243qix5j45zz-nix-2.1.1/bin/ to $PATH...
2019-02-13T15:54:35+00:00 p3xCcJ94 waveguide-usr INFO Running command nix --version...
2019-02-13T15:54:35+00:00 p3xCcJ94 waveguide-err INFO /tmp/waveguide-Xi7D/as-north.sh: line 14: nix: command not found
2019-02-13T15:54:35+00:00 p3xCcJ94 waveguide-usr INFO Configuring cache...
2019-02-13T15:54:35+00:00 p3xCcJ94 waveguide-usr INFO Running command du -hs /nix/store...
2019-02-13T15:54:35+00:00 p3xCcJ94 waveguide-err INFO du: cannot access '/nix/store': No such file or directory
2019-02-13T15:54:35+00:00 p3xCcJ94 waveguide-usr INFO Setting default nixpkgs to https://github.com/nixos/nixpkgs/archive/e9d4bab04458cd03cb9029d2d571c37cc017ffdc.tar.gz.
2019-02-13T15:54:35+00:00 p3xCcJ94 waveguide-usr INFO Installing nix-prefetch-git...
2019-02-13T15:54:35+00:00 p3xCcJ94 waveguide-usr INFO Received signal EXIT.
