2019-02-15T08:57:55+00:00 n7bN1hzf waveguide-roo INFO Waveguide run number: 271.
2019-02-15T08:57:55+00:00 n7bN1hzf waveguide-roo INFO Working directory: /tmp/waveguide-y8fA
2019-02-15T08:57:55+00:00 n7bN1hzf waveguide-roo INFO Nix install script verison: https://0.entrypoint.co/scripts/hypered-nix-2.1.1-install.sh.
2019-02-15T08:57:55+00:00 n7bN1hzf waveguide-roo INFO Repository URL: https://0.entrypoint.co/git/waveguide.git.
2019-02-15T08:57:55+00:00 n7bN1hzf waveguide-roo INFO Revision: 3e5edace881a703b27a938abbe6532be3a03837d.
2019-02-15T08:57:55+00:00 n7bN1hzf waveguide-roo INFO Creating north user...
2019-02-15T08:57:55+00:00 n7bN1hzf waveguide-roo INFO Extracting payload tarball...
2019-02-15T08:57:55+00:00 n7bN1hzf waveguide-roo INFO Copying SSH deploy keys...
2019-02-15T08:57:55+00:00 n7bN1hzf waveguide-roo INFO Creating Nix directories...
2019-02-15T08:57:55+00:00 n7bN1hzf waveguide-roo INFO cURL and Git already installed.
2019-02-15T08:57:55+00:00 n7bN1hzf waveguide-roo INFO Exec'ing the user script...
2019-02-15T08:57:55+00:00 n7bN1hzf waveguide-usr INFO Running user script...
2019-02-15T08:57:55+00:00 n7bN1hzf waveguide-usr INFO Installing Nix...
2019-02-15T08:57:55+00:00 n7bN1hzf waveguide-usr INFO Running command curl -s https://0.entrypoint.co/scripts/hypered-nix-2.1.1-install.sh -o /home/north/install-nix.sh...
2019-02-15T08:57:55+00:00 n7bN1hzf waveguide-usr INFO Running command /home/north/install-nix.sh...
2019-02-15T08:57:55+00:00 n7bN1hzf waveguide-out INFO Creating temporary directory...
2019-02-15T08:57:55+00:00 n7bN1hzf waveguide-out INFO Temporary directory is /tmp/nix-binary-tarball-unpack.oToMCVUPAL.
2019-02-15T08:57:55+00:00 n7bN1hzf waveguide-out INFO Downloading Nix 2.1.1 binary tarball for x86_64-linux from 'https://hypered.ams3.digitaloceanspaces.com/scripts/nix-2.1.1-x86_64-linux.tar.bz2' to '/tmp/nix-binary-tarball-unpack.oToMCVUPAL'...
2019-02-15T08:57:55+00:00 n7bN1hzf waveguide-err INFO /home/north/install-nix.sh: failed to download 'https://hypered.ams3.digitaloceanspaces.com/scripts/nix-2.1.1-x86_64-linux.tar.bz2'. Exiting.
2019-02-15T08:57:55+00:00 n7bN1hzf waveguide-out INFO Removing temporary directory...
2019-02-15T08:58:15+00:00 n7bN1hzf waveguide-usr INFO Adding /nix/store/h180y3n5k1ypxgm1pcvj243qix5j45zz-nix-2.1.1/bin/ to $PATH...
2019-02-15T08:58:15+00:00 n7bN1hzf waveguide-usr INFO Running command nix --version...
2019-02-15T08:58:15+00:00 n7bN1hzf waveguide-err INFO /tmp/waveguide-y8fA/as-north.sh: line 14: nix: command not found
2019-02-15T08:58:15+00:00 n7bN1hzf waveguide-usr INFO Configuring cache...
2019-02-15T08:58:15+00:00 n7bN1hzf waveguide-usr INFO Running command du -hs /nix/store...
2019-02-15T08:58:15+00:00 n7bN1hzf waveguide-err INFO du: cannot access '/nix/store': No such file or directory
2019-02-15T08:58:15+00:00 n7bN1hzf waveguide-usr INFO Setting default nixpkgs to https://github.com/nixos/nixpkgs/archive/e9d4bab04458cd03cb9029d2d571c37cc017ffdc.tar.gz.
2019-02-15T08:58:15+00:00 n7bN1hzf waveguide-usr INFO Installing nix-prefetch-git...
2019-02-15T08:58:15+00:00 n7bN1hzf waveguide-usr INFO Received signal EXIT.
