2019-02-16T11:53:02+00:00 qculCXMO waveguide-roo INFO Waveguide run number: 294.
2019-02-16T11:53:02+00:00 qculCXMO waveguide-roo INFO Working directory: /tmp/waveguide-SYDZ
2019-02-16T11:53:02+00:00 qculCXMO waveguide-roo INFO Nix install script verison: https://0.entrypoint.co/scripts/hypered-nix-2.1.1-install.sh.
2019-02-16T11:53:02+00:00 qculCXMO waveguide-roo INFO Nix nixpkgs tarball: https://0.entrypoint.co/git/nixpkgs/archive/e9d4bab04458cd03cb9029d2d571c37cc017ffdc.tar.gz.
2019-02-16T11:53:02+00:00 qculCXMO waveguide-roo INFO Nix cache: https://0.entrypoint.co/cache.
2019-02-16T11:53:02+00:00 qculCXMO waveguide-roo INFO Repository URL: https://0.entrypoint.co/git/waveguide.git.
2019-02-16T11:53:02+00:00 qculCXMO waveguide-roo INFO Revision: f930189f54ae0a0f1f4039852cab05b39260b639.
2019-02-16T11:53:02+00:00 qculCXMO waveguide-roo INFO Creating north user...
2019-02-16T11:53:02+00:00 qculCXMO waveguide-roo INFO Extracting payload tarball...
2019-02-16T11:53:02+00:00 qculCXMO waveguide-roo INFO Copying SSH deploy keys...
2019-02-16T11:53:02+00:00 qculCXMO waveguide-roo INFO Creating Nix directories...
2019-02-16T11:53:02+00:00 qculCXMO waveguide-roo INFO cURL and Git already installed.
2019-02-16T11:53:02+00:00 qculCXMO waveguide-roo INFO Exec'ing the user script...
2019-02-16T11:53:02+00:00 qculCXMO waveguide-usr INFO Running user script...
2019-02-16T11:53:02+00:00 qculCXMO waveguide-usr INFO Installing Nix...
2019-02-16T11:53:02+00:00 qculCXMO waveguide-usr INFO Running command curl -s https://0.entrypoint.co/scripts/hypered-nix-2.1.1-install.sh -o /home/north/install-nix.sh...
2019-02-16T11:53:02+00:00 qculCXMO waveguide-usr INFO Running command /home/north/install-nix.sh...
2019-02-16T11:53:03+00:00 qculCXMO waveguide-out INFO Creating temporary directory...
2019-02-16T11:53:03+00:00 qculCXMO waveguide-out INFO Temporary directory is /tmp/nix-binary-tarball-unpack.xQ5OV2ItPp.
2019-02-16T11:53:03+00:00 qculCXMO waveguide-out INFO Downloading Nix 2.1.1 binary tarball for x86_64-linux from 'https://0.entrypoint.co/scripts/nix-2.1.1-x86_64-linux.tar.bz2' to '/tmp/nix-binary-tarball-unpack.xQ5OV2ItPp'...
2019-02-16T11:53:03+00:00 qculCXMO waveguide-out INFO Copying Nix to /nix/store................................
2019-02-16T11:53:03+00:00 qculCXMO waveguide-out INFO Initialising Nix database...
2019-02-16T11:53:03+00:00 qculCXMO waveguide-out INFO Nix is /nix/store/h180y3n5k1ypxgm1pcvj243qix5j45zz-nix-2.1.1.
2019-02-16T11:53:03+00:00 qculCXMO waveguide-out INFO Sourcing this might be good: /nix/store/h180y3n5k1ypxgm1pcvj243qix5j45zz-nix-2.1.1/etc/profile.d/nix.sh
2019-02-16T11:53:03+00:00 qculCXMO waveguide-out INFO Removing temporary directory...
2019-02-16T11:53:06+00:00 qculCXMO waveguide-usr INFO Adding /nix/store/h180y3n5k1ypxgm1pcvj243qix5j45zz-nix-2.1.1/bin/ to $PATH...
2019-02-16T11:53:06+00:00 qculCXMO waveguide-usr INFO Running command nix --version...
2019-02-16T11:53:06+00:00 qculCXMO waveguide-out INFO nix (Nix) 2.1.1
2019-02-16T11:53:06+00:00 qculCXMO waveguide-usr INFO Configuring cache...
2019-02-16T11:53:06+00:00 qculCXMO waveguide-usr INFO Running command du -hs /nix/store...
2019-02-16T11:53:06+00:00 qculCXMO waveguide-out INFO 71M	/nix/store
unpacking...
2019-02-16T11:53:11+00:00 qculCXMO waveguide-usr INFO Setting default nixpkgs to /nix/store/10hfqdpwm466rw4jbh6701r6549hfpyn-e9d4bab04458cd03cb9029d2d571c37cc017ffdc.tar.gz.
2019-02-16T11:53:11+00:00 qculCXMO waveguide-usr INFO Installing nix-prefetch-git...
2019-02-16T11:53:11+00:00 qculCXMO waveguide-usr INFO Running command nix-build --no-out-link /nix/store/n59dnqwb929n1bsacg7swahxq041rrzw-nix-prefetch-git.drv...
2019-02-16T11:53:11+00:00 qculCXMO waveguide-err INFO these paths will be fetched (44.55 MiB download, 237.78 MiB unpacked):
2019-02-16T11:53:11+00:00 qculCXMO waveguide-err INFO   /nix/store/0vlylwah7cyzjxzyiilwhwsdk3m07zll-perl5.28.0-HTTP-Cookies-6.04
2019-02-16T11:53:11+00:00 qculCXMO waveguide-err INFO   /nix/store/0w7rvnby6sk6srxlr52jgzfn5mcpdmlb-nix-prefetch-git
2019-02-16T11:53:11+00:00 qculCXMO waveguide-err INFO   /nix/store/10lh4y4japz71ilb0yidzc9s5krhadnw-db-4.8.30
2019-02-16T11:53:11+00:00 qculCXMO waveguide-err INFO   /nix/store/1iih7pgc7krhis13zaq8ajdcb2hd10d9-bzip2-1.0.6.0.1-bin
2019-02-16T11:53:11+00:00 qculCXMO waveguide-err INFO   /nix/store/1kk3vawy29wy3xlh8rp0nlhsrjc4gp51-keyutils-1.5.10-lib
2019-02-16T11:53:11+00:00 qculCXMO waveguide-err INFO   /nix/store/1qchjvq5159laayjf35jrldabpbkyzvi-perl5.28.0-HTTP-Negotiate-6.01
2019-02-16T11:53:11+00:00 qculCXMO waveguide-err INFO   /nix/store/26lgqf0ja6rx8dnz972a3f56vfxmmmv5-xz-5.2.4-bin
2019-02-16T11:53:11+00:00 qculCXMO waveguide-err INFO   /nix/store/2plv4r5pkgh4p7443ahii1da2386rgzj-nix-2.1-man
2019-02-16T11:53:11+00:00 qculCXMO waveguide-err INFO   /nix/store/32ayyxv62j400sim448lg1z73fnwlqmq-gettext-0.19.8.1
2019-02-16T11:53:11+00:00 qculCXMO waveguide-err INFO   /nix/store/3jg1sj3va3rmm4fhw5xkybq9q3v8wnyi-pcre-8.42
2019-02-16T11:53:11+00:00 qculCXMO waveguide-err INFO   /nix/store/574xmi6n0ys0qdxk9q2lh7fk5ipjsg85-libkrb5-1.15.2
2019-02-16T11:53:11+00:00 qculCXMO waveguide-err INFO   /nix/store/5mlwh46dzm5qhgrhbbpdr0j1f17d44hk-cracklib-2.9.6
2019-02-16T11:53:11+00:00 qculCXMO waveguide-err INFO   /nix/store/5xaqak91mbr89ppp4aj793yj6dhallrk-perl5.28.0-Net-HTTP-6.18
2019-02-16T11:53:11+00:00 qculCXMO waveguide-err INFO   /nix/store/6b6lzbq74g95j8qlbrdjzkn2ghh81mgy-python-2.7.15
2019-02-16T11:53:11+00:00 qculCXMO waveguide-err INFO   /nix/store/6fjzsx9yxp0amz0jj9ad3yq8l2ki07i0-perl5.28.0-HTTP-Message-6.18
2019-02-16T11:53:11+00:00 qculCXMO waveguide-err INFO   /nix/store/6v0w8pn91zqdm2ri7wgrlg3y16gqsbij-xz-5.2.4
2019-02-16T11:53:11+00:00 qculCXMO waveguide-err INFO   /nix/store/8ihiaxrw596zmk1358d59k1nn2fjwis9-perl5.28.0-Try-Tiny-0.30
2019-02-16T11:53:11+00:00 qculCXMO waveguide-err INFO   /nix/store/8scvyn7x647m3zm76a6cwj8pxlqzf9h1-perl5.28.0-IO-HTML-1.001
2019-02-16T11:53:11+00:00 qculCXMO waveguide-err INFO   /nix/store/92pyrnjf90wix80yzphv0z5fqilg88h5-sqlite-3.24.0
2019-02-16T11:53:11+00:00 qculCXMO waveguide-err INFO   /nix/store/9c9vryq51hlw0jr8ddk2yk1qvkaq0vl2-curl-7.61.0
2019-02-16T11:53:11+00:00 qculCXMO waveguide-err INFO   /nix/store/9f89z51na7w931aja8lqlmhqny9h16cj-gnugrep-3.1
2019-02-16T11:53:11+00:00 qculCXMO waveguide-err INFO   /nix/store/9kr8r78bwk12050ppywfbhg1vrsd6dp8-openssl-1.0.2p
2019-02-16T11:53:11+00:00 qculCXMO waveguide-err INFO   /nix/store/a9ixyvhskqiy1akzq1jvra45yk2yl11a-linux-pam-1.3.0
2019-02-16T11:53:11+00:00 qculCXMO waveguide-err INFO   /nix/store/ah3maq2wbgyqh2dnvzc854j2xi78x8zg-perl5.28.0-Test-Needs-0.002005
2019-02-16T11:53:11+00:00 qculCXMO waveguide-err INFO   /nix/store/ai3ym338mjq97sc4mr0sabfncklr5sjl-perl5.28.0-LWP-MediaTypes-6.02
2019-02-16T11:53:11+00:00 qculCXMO waveguide-err INFO   /nix/store/amfm19rwjpyak5f1bifiydmfbys2xpr0-perl5.28.0-WWW-RobotRules-6.02
2019-02-16T11:53:11+00:00 qculCXMO waveguide-err INFO   /nix/store/apgbaliyj751yjdp2ffrvbb5ckwclfl4-pcre2-10.31
2019-02-16T11:53:11+00:00 qculCXMO waveguide-err INFO   /nix/store/bv6znzsv2qkbcwwa251dx7n5dshz3nr3-zlib-1.2.11
2019-02-16T11:53:11+00:00 qculCXMO waveguide-err INFO   /nix/store/ckxz3c0nb7cm91p9x5m0nhcpkcrljwa2-perl5.28.0-Test-RequiresInternet-0.05
2019-02-16T11:53:11+00:00 qculCXMO waveguide-err INFO   /nix/store/czx8vkrb9jdgjyz8qfksh10vrnqa723l-bash-4.4-p23
2019-02-16T11:53:11+00:00 qculCXMO waveguide-err INFO   /nix/store/dmljw8i4cms287vbxxxgshn38b18ai2l-perl5.28.0-Encode-Locale-1.05
2019-02-16T11:53:11+00:00 qculCXMO waveguide-err INFO   /nix/store/dpfb3bisrpjaya93iiqy8xp99jjxss5x-perl5.28.0-HTML-Tagset-3.20
2019-02-16T11:53:11+00:00 qculCXMO waveguide-err INFO   /nix/store/dvkcysalycgsg3q8gqbd8vplag8kcy7d-libseccomp-2.3.3-lib
2019-02-16T11:53:11+00:00 qculCXMO waveguide-err INFO   /nix/store/fg4yq8i8wd08xg3fy58l6q73cjy8hjr2-glibc-2.27
2019-02-16T11:53:11+00:00 qculCXMO waveguide-err INFO   /nix/store/g5dlpwd44kd75i71nwzii8w4bp4inxwk-findutils-4.6.0
2019-02-16T11:53:11+00:00 qculCXMO waveguide-err INFO   /nix/store/g905249s0fxwixg28ljc4zby3cg67xiv-perl5.28.0-TermReadKey-2.37
2019-02-16T11:53:11+00:00 qculCXMO waveguide-err INFO   /nix/store/gzxckycv7v43aa1pf0manyva5p58nd4m-attr-2.4.47
2019-02-16T11:53:11+00:00 qculCXMO waveguide-err INFO   /nix/store/hk6j7xbv4i8jla585qd8axp3imp2nkfd-perl5.28.0-HTML-Parser-3.72
2019-02-16T11:53:11+00:00 qculCXMO waveguide-err INFO   /nix/store/ir8xfvrc777i875k3ygxjlf3ykj1nsgh-curl-7.59.0
2019-02-16T11:53:11+00:00 qculCXMO waveguide-err INFO   /nix/store/ix13jm9a1jfkcg1fs3skagyz4s1w77r6-gzip-1.9
2019-02-16T11:53:11+00:00 qculCXMO waveguide-err INFO   /nix/store/jp63h2k6qi885w19h9qz62g8kca0r74i-boehm-gc-7.6.6
2019-02-16T11:53:11+00:00 qculCXMO waveguide-err INFO   /nix/store/k97dv1k3fpsxcrrdqx79n1d72py1qssc-libssh2-1.8.0
2019-02-16T11:53:11+00:00 qculCXMO waveguide-err INFO   /nix/store/lxbaya2mzjc3xzbcsykrcbvcf5vxvfia-gnutar-1.30
2019-02-16T11:53:11+00:00 qculCXMO waveguide-err INFO   /nix/store/m00p6qg26z38l71p6qzs3q3rli038nzy-db-5.3.28
2019-02-16T11:53:11+00:00 qculCXMO waveguide-err INFO   /nix/store/mydwfxzk8bka4iwjml033dir6gkmqwic-openssh-7.7p1
2019-02-16T11:53:11+00:00 qculCXMO waveguide-err INFO   /nix/store/ny5p32137wfyzdm485xfdck21w1gyl3g-gnused-4.5
2019-02-16T11:53:11+00:00 qculCXMO waveguide-err INFO   /nix/store/p4hymrml64kr2xmv2dwv10cr6gkizrsq-perl5.28.0-libwww-perl-6.35
2019-02-16T11:53:11+00:00 qculCXMO waveguide-err INFO   /nix/store/q9ajsngf2w3r10dg7b1148wzq1avp4gj-perl-5.28.0
2019-02-16T11:53:11+00:00 qculCXMO waveguide-err INFO   /nix/store/qmrraik4xfwm7igq6c1l68salc0v2g23-gdbm-1.17
2019-02-16T11:53:11+00:00 qculCXMO waveguide-err INFO   /nix/store/r2ia0rfv30q4p5fq8n2jqywm7qqn2ns6-aws-sdk-cpp-1.5.17
2019-02-16T11:53:11+00:00 qculCXMO waveguide-err INFO   /nix/store/r4xdpciv6qrg3m8l9qas1j5vq6v3pdd7-expat-2.2.6
2019-02-16T11:53:11+00:00 qculCXMO waveguide-err INFO   /nix/store/r7gk5w5i5qq4j44aazl4dbmvjn5p8v1c-busybox-1.29.2
2019-02-16T11:53:11+00:00 qculCXMO waveguide-err INFO   /nix/store/s2n99784krxl91mfw3cnn9ylbb5fjvkx-ncurses-6.1
2019-02-16T11:53:11+00:00 qculCXMO waveguide-err INFO   /nix/store/shza3baza0x5mzblnglyr0a412g91bzf-libsodium-1.0.16
2019-02-16T11:53:11+00:00 qculCXMO waveguide-err INFO   /nix/store/vh4plgdn2r6cf3sg3c6qk442k30c6c81-perl5.28.0-Test-Fatal-0.014
2019-02-16T11:53:11+00:00 qculCXMO waveguide-err INFO   /nix/store/wj2dq821lvjn297nrwl53bzf6xcacj4g-brotli-1.0.5-lib
2019-02-16T11:53:11+00:00 qculCXMO waveguide-err INFO   /nix/store/wm8va53fh5158ipi0ic9gir64hrvqv1z-coreutils-8.29
2019-02-16T11:53:11+00:00 qculCXMO waveguide-err INFO   /nix/store/wwhp4klykgvd7xwl94izc8xxb9idf4wy-bzip2-1.0.6.0.1
2019-02-16T11:53:11+00:00 qculCXMO waveguide-err INFO   /nix/store/x1x3pqcim188r2a01a2sqhh0h6hz75rp-perl5.28.0-HTTP-Date-6.02
2019-02-16T11:53:11+00:00 qculCXMO waveguide-err INFO   /nix/store/xbnwfn8dslrmq9w39k3a52bdvigwqx23-acl-2.2.52
2019-02-16T11:53:11+00:00 qculCXMO waveguide-err INFO   /nix/store/xx66h292ncly0fd692dwm644avi6raip-libatomic_ops-7.6.4
2019-02-16T11:53:11+00:00 qculCXMO waveguide-err INFO   /nix/store/y05afh6w3gqlwvj34fdnziy0yw2v8sfm-libedit-20180525-3.1
2019-02-16T11:53:11+00:00 qculCXMO waveguide-err INFO   /nix/store/y4d49k3h652wdybg9dh85dsnkrpr2bzk-perl5.28.0-HTTP-Daemon-6.01
2019-02-16T11:53:11+00:00 qculCXMO waveguide-err INFO   /nix/store/yl12ga4svrrq7qmzyxhig2mmrf0wmql6-nix-2.1
2019-02-16T11:53:11+00:00 qculCXMO waveguide-err INFO   /nix/store/yypprmw8hrmvwyhhz23w8z25yjvdhnxb-git-2.18.0
2019-02-16T11:53:11+00:00 qculCXMO waveguide-err INFO   /nix/store/z2zhmrg6jcrn5iq2779mav0nnq4vm2q6-readline-6.3p08
2019-02-16T11:53:11+00:00 qculCXMO waveguide-err INFO   /nix/store/zaq0xrm4rawnn45js4a66i1var45nil2-perl5.28.0-URI-1.74
2019-02-16T11:53:11+00:00 qculCXMO waveguide-err INFO   /nix/store/zdadpaj5z8k9ifkgsc16yvfjn4wdv0r2-gawk-4.2.1
2019-02-16T11:53:11+00:00 qculCXMO waveguide-err INFO   /nix/store/zk5zj2307zxaq7dx585yia3dn5k4qlsl-gcc-7.3.0-lib
2019-02-16T11:53:11+00:00 qculCXMO waveguide-err INFO   /nix/store/zsglbnyb42fg0gyxrg6sm96phfj7ig4k-nghttp2-1.32.0-lib
2019-02-16T11:53:11+00:00 qculCXMO waveguide-err INFO   /nix/store/zz87zpxyj99r211iqy4829hh2b9ldwrb-perl5.28.0-File-Listing-6.04
2019-02-16T11:53:11+00:00 qculCXMO waveguide-err INFO copying path '/nix/store/r7gk5w5i5qq4j44aazl4dbmvjn5p8v1c-busybox-1.29.2' from 'https://0.entrypoint.co/cache'...
2019-02-16T11:53:11+00:00 qculCXMO waveguide-err INFO copying path '/nix/store/fg4yq8i8wd08xg3fy58l6q73cjy8hjr2-glibc-2.27' from 'https://0.entrypoint.co/cache'...
2019-02-16T11:53:11+00:00 qculCXMO waveguide-err INFO copying path '/nix/store/xx66h292ncly0fd692dwm644avi6raip-libatomic_ops-7.6.4' from 'https://0.entrypoint.co/cache'...
2019-02-16T11:53:11+00:00 qculCXMO waveguide-err INFO copying path '/nix/store/gzxckycv7v43aa1pf0manyva5p58nd4m-attr-2.4.47' from 'https://0.entrypoint.co/cache'...
2019-02-16T11:53:11+00:00 qculCXMO waveguide-err INFO copying path '/nix/store/czx8vkrb9jdgjyz8qfksh10vrnqa723l-bash-4.4-p23' from 'https://0.entrypoint.co/cache'...
2019-02-16T11:53:11+00:00 qculCXMO waveguide-err INFO copying path '/nix/store/xbnwfn8dslrmq9w39k3a52bdvigwqx23-acl-2.2.52' from 'https://0.entrypoint.co/cache'...
2019-02-16T11:53:11+00:00 qculCXMO waveguide-err INFO copying path '/nix/store/wj2dq821lvjn297nrwl53bzf6xcacj4g-brotli-1.0.5-lib' from 'https://0.entrypoint.co/cache'...
2019-02-16T11:53:11+00:00 qculCXMO waveguide-err INFO copying path '/nix/store/wwhp4klykgvd7xwl94izc8xxb9idf4wy-bzip2-1.0.6.0.1' from 'https://0.entrypoint.co/cache'...
2019-02-16T11:53:11+00:00 qculCXMO waveguide-err INFO copying path '/nix/store/wm8va53fh5158ipi0ic9gir64hrvqv1z-coreutils-8.29' from 'https://0.entrypoint.co/cache'...
2019-02-16T11:53:11+00:00 qculCXMO waveguide-err INFO copying path '/nix/store/1iih7pgc7krhis13zaq8ajdcb2hd10d9-bzip2-1.0.6.0.1-bin' from 'https://0.entrypoint.co/cache'...
2019-02-16T11:53:11+00:00 qculCXMO waveguide-err INFO copying path '/nix/store/r4xdpciv6qrg3m8l9qas1j5vq6v3pdd7-expat-2.2.6' from 'https://0.entrypoint.co/cache'...
2019-02-16T11:53:11+00:00 qculCXMO waveguide-err INFO copying path '/nix/store/g5dlpwd44kd75i71nwzii8w4bp4inxwk-findutils-4.6.0' from 'https://0.entrypoint.co/cache'...
2019-02-16T11:53:11+00:00 qculCXMO waveguide-err INFO copying path '/nix/store/zdadpaj5z8k9ifkgsc16yvfjn4wdv0r2-gawk-4.2.1' from 'https://0.entrypoint.co/cache'...
2019-02-16T11:53:11+00:00 qculCXMO waveguide-err INFO copying path '/nix/store/zk5zj2307zxaq7dx585yia3dn5k4qlsl-gcc-7.3.0-lib' from 'https://0.entrypoint.co/cache'...
2019-02-16T11:53:11+00:00 qculCXMO waveguide-err INFO copying path '/nix/store/qmrraik4xfwm7igq6c1l68salc0v2g23-gdbm-1.17' from 'https://0.entrypoint.co/cache'...
2019-02-16T11:53:11+00:00 qculCXMO waveguide-err INFO copying path '/nix/store/jp63h2k6qi885w19h9qz62g8kca0r74i-boehm-gc-7.6.6' from 'https://0.entrypoint.co/cache'...
2019-02-16T11:53:11+00:00 qculCXMO waveguide-err INFO copying path '/nix/store/10lh4y4japz71ilb0yidzc9s5krhadnw-db-4.8.30' from 'https://0.entrypoint.co/cache'...
2019-02-16T11:53:11+00:00 qculCXMO waveguide-err INFO copying path '/nix/store/m00p6qg26z38l71p6qzs3q3rli038nzy-db-5.3.28' from 'https://0.entrypoint.co/cache'...
2019-02-16T11:53:11+00:00 qculCXMO waveguide-err INFO copying path '/nix/store/32ayyxv62j400sim448lg1z73fnwlqmq-gettext-0.19.8.1' from 'https://0.entrypoint.co/cache'...
2019-02-16T11:53:11+00:00 qculCXMO waveguide-err INFO copying path '/nix/store/ny5p32137wfyzdm485xfdck21w1gyl3g-gnused-4.5' from 'https://0.entrypoint.co/cache'...
2019-02-16T11:53:11+00:00 qculCXMO waveguide-err INFO copying path '/nix/store/lxbaya2mzjc3xzbcsykrcbvcf5vxvfia-gnutar-1.30' from 'https://0.entrypoint.co/cache'...
2019-02-16T11:53:11+00:00 qculCXMO waveguide-err INFO copying path '/nix/store/ix13jm9a1jfkcg1fs3skagyz4s1w77r6-gzip-1.9' from 'https://0.entrypoint.co/cache'...
2019-02-16T11:53:11+00:00 qculCXMO waveguide-err INFO copying path '/nix/store/1kk3vawy29wy3xlh8rp0nlhsrjc4gp51-keyutils-1.5.10-lib' from 'https://0.entrypoint.co/cache'...
2019-02-16T11:53:11+00:00 qculCXMO waveguide-err INFO copying path '/nix/store/dvkcysalycgsg3q8gqbd8vplag8kcy7d-libseccomp-2.3.3-lib' from 'https://0.entrypoint.co/cache'...
2019-02-16T11:53:11+00:00 qculCXMO waveguide-err INFO copying path '/nix/store/574xmi6n0ys0qdxk9q2lh7fk5ipjsg85-libkrb5-1.15.2' from 'https://0.entrypoint.co/cache'...
2019-02-16T11:53:11+00:00 qculCXMO waveguide-err INFO copying path '/nix/store/shza3baza0x5mzblnglyr0a412g91bzf-libsodium-1.0.16' from 'https://0.entrypoint.co/cache'...
2019-02-16T11:53:11+00:00 qculCXMO waveguide-err INFO copying path '/nix/store/s2n99784krxl91mfw3cnn9ylbb5fjvkx-ncurses-6.1' from 'https://0.entrypoint.co/cache'...
2019-02-16T11:53:11+00:00 qculCXMO waveguide-err INFO copying path '/nix/store/zsglbnyb42fg0gyxrg6sm96phfj7ig4k-nghttp2-1.32.0-lib' from 'https://0.entrypoint.co/cache'...
2019-02-16T11:53:11+00:00 qculCXMO waveguide-err INFO copying path '/nix/store/y05afh6w3gqlwvj34fdnziy0yw2v8sfm-libedit-20180525-3.1' from 'https://0.entrypoint.co/cache'...
2019-02-16T11:53:11+00:00 qculCXMO waveguide-err INFO copying path '/nix/store/2plv4r5pkgh4p7443ahii1da2386rgzj-nix-2.1-man' from 'https://0.entrypoint.co/cache'...
2019-02-16T11:53:11+00:00 qculCXMO waveguide-err INFO copying path '/nix/store/9kr8r78bwk12050ppywfbhg1vrsd6dp8-openssl-1.0.2p' from 'https://0.entrypoint.co/cache'...
2019-02-16T11:53:11+00:00 qculCXMO waveguide-err INFO copying path '/nix/store/3jg1sj3va3rmm4fhw5xkybq9q3v8wnyi-pcre-8.42' from 'https://0.entrypoint.co/cache'...
2019-02-16T11:53:11+00:00 qculCXMO waveguide-err INFO copying path '/nix/store/apgbaliyj751yjdp2ffrvbb5ckwclfl4-pcre2-10.31' from 'https://0.entrypoint.co/cache'...
2019-02-16T11:53:11+00:00 qculCXMO waveguide-err INFO copying path '/nix/store/9f89z51na7w931aja8lqlmhqny9h16cj-gnugrep-3.1' from 'https://0.entrypoint.co/cache'...
2019-02-16T11:53:11+00:00 qculCXMO waveguide-err INFO copying path '/nix/store/q9ajsngf2w3r10dg7b1148wzq1avp4gj-perl-5.28.0' from 'https://0.entrypoint.co/cache'...
2019-02-16T11:53:11+00:00 qculCXMO waveguide-err INFO copying path '/nix/store/dmljw8i4cms287vbxxxgshn38b18ai2l-perl5.28.0-Encode-Locale-1.05' from 'https://0.entrypoint.co/cache'...
2019-02-16T11:53:11+00:00 qculCXMO waveguide-err INFO copying path '/nix/store/dpfb3bisrpjaya93iiqy8xp99jjxss5x-perl5.28.0-HTML-Tagset-3.20' from 'https://0.entrypoint.co/cache'...
2019-02-16T11:53:11+00:00 qculCXMO waveguide-err INFO copying path '/nix/store/x1x3pqcim188r2a01a2sqhh0h6hz75rp-perl5.28.0-HTTP-Date-6.02' from 'https://0.entrypoint.co/cache'...
2019-02-16T11:53:11+00:00 qculCXMO waveguide-err INFO copying path '/nix/store/hk6j7xbv4i8jla585qd8axp3imp2nkfd-perl5.28.0-HTML-Parser-3.72' from 'https://0.entrypoint.co/cache'...
2019-02-16T11:53:11+00:00 qculCXMO waveguide-err INFO copying path '/nix/store/zz87zpxyj99r211iqy4829hh2b9ldwrb-perl5.28.0-File-Listing-6.04' from 'https://0.entrypoint.co/cache'...
2019-02-16T11:53:11+00:00 qculCXMO waveguide-err INFO copying path '/nix/store/8scvyn7x647m3zm76a6cwj8pxlqzf9h1-perl5.28.0-IO-HTML-1.001' from 'https://0.entrypoint.co/cache'...
2019-02-16T11:53:11+00:00 qculCXMO waveguide-err INFO copying path '/nix/store/ai3ym338mjq97sc4mr0sabfncklr5sjl-perl5.28.0-LWP-MediaTypes-6.02' from 'https://0.entrypoint.co/cache'...
2019-02-16T11:53:11+00:00 qculCXMO waveguide-err INFO copying path '/nix/store/g905249s0fxwixg28ljc4zby3cg67xiv-perl5.28.0-TermReadKey-2.37' from 'https://0.entrypoint.co/cache'...
2019-02-16T11:53:11+00:00 qculCXMO waveguide-err INFO copying path '/nix/store/ah3maq2wbgyqh2dnvzc854j2xi78x8zg-perl5.28.0-Test-Needs-0.002005' from 'https://0.entrypoint.co/cache'...
2019-02-16T11:53:11+00:00 qculCXMO waveguide-err INFO copying path '/nix/store/ckxz3c0nb7cm91p9x5m0nhcpkcrljwa2-perl5.28.0-Test-RequiresInternet-0.05' from 'https://0.entrypoint.co/cache'...
2019-02-16T11:53:11+00:00 qculCXMO waveguide-err INFO copying path '/nix/store/8ihiaxrw596zmk1358d59k1nn2fjwis9-perl5.28.0-Try-Tiny-0.30' from 'https://0.entrypoint.co/cache'...
2019-02-16T11:53:11+00:00 qculCXMO waveguide-err INFO copying path '/nix/store/zaq0xrm4rawnn45js4a66i1var45nil2-perl5.28.0-URI-1.74' from 'https://0.entrypoint.co/cache'...
2019-02-16T11:53:11+00:00 qculCXMO waveguide-err INFO copying path '/nix/store/vh4plgdn2r6cf3sg3c6qk442k30c6c81-perl5.28.0-Test-Fatal-0.014' from 'https://0.entrypoint.co/cache'...
2019-02-16T11:53:11+00:00 qculCXMO waveguide-err INFO copying path '/nix/store/6fjzsx9yxp0amz0jj9ad3yq8l2ki07i0-perl5.28.0-HTTP-Message-6.18' from 'https://0.entrypoint.co/cache'...
2019-02-16T11:53:11+00:00 qculCXMO waveguide-err INFO copying path '/nix/store/5xaqak91mbr89ppp4aj793yj6dhallrk-perl5.28.0-Net-HTTP-6.18' from 'https://0.entrypoint.co/cache'...
2019-02-16T11:53:11+00:00 qculCXMO waveguide-err INFO copying path '/nix/store/0vlylwah7cyzjxzyiilwhwsdk3m07zll-perl5.28.0-HTTP-Cookies-6.04' from 'https://0.entrypoint.co/cache'...
2019-02-16T11:53:11+00:00 qculCXMO waveguide-err INFO copying path '/nix/store/y4d49k3h652wdybg9dh85dsnkrpr2bzk-perl5.28.0-HTTP-Daemon-6.01' from 'https://0.entrypoint.co/cache'...
2019-02-16T11:53:11+00:00 qculCXMO waveguide-err INFO copying path '/nix/store/1qchjvq5159laayjf35jrldabpbkyzvi-perl5.28.0-HTTP-Negotiate-6.01' from 'https://0.entrypoint.co/cache'...
2019-02-16T11:53:11+00:00 qculCXMO waveguide-err INFO copying path '/nix/store/amfm19rwjpyak5f1bifiydmfbys2xpr0-perl5.28.0-WWW-RobotRules-6.02' from 'https://0.entrypoint.co/cache'...
2019-02-16T11:53:11+00:00 qculCXMO waveguide-err INFO copying path '/nix/store/z2zhmrg6jcrn5iq2779mav0nnq4vm2q6-readline-6.3p08' from 'https://0.entrypoint.co/cache'...
2019-02-16T11:53:11+00:00 qculCXMO waveguide-err INFO copying path '/nix/store/p4hymrml64kr2xmv2dwv10cr6gkizrsq-perl5.28.0-libwww-perl-6.35' from 'https://0.entrypoint.co/cache'...
2019-02-16T11:53:11+00:00 qculCXMO waveguide-err INFO copying path '/nix/store/6v0w8pn91zqdm2ri7wgrlg3y16gqsbij-xz-5.2.4' from 'https://0.entrypoint.co/cache'...
2019-02-16T11:53:11+00:00 qculCXMO waveguide-err INFO copying path '/nix/store/bv6znzsv2qkbcwwa251dx7n5dshz3nr3-zlib-1.2.11' from 'https://0.entrypoint.co/cache'...
2019-02-16T11:53:11+00:00 qculCXMO waveguide-err INFO copying path '/nix/store/26lgqf0ja6rx8dnz972a3f56vfxmmmv5-xz-5.2.4-bin' from 'https://0.entrypoint.co/cache'...
2019-02-16T11:53:11+00:00 qculCXMO waveguide-err INFO copying path '/nix/store/5mlwh46dzm5qhgrhbbpdr0j1f17d44hk-cracklib-2.9.6' from 'https://0.entrypoint.co/cache'...
2019-02-16T11:53:11+00:00 qculCXMO waveguide-err INFO copying path '/nix/store/k97dv1k3fpsxcrrdqx79n1d72py1qssc-libssh2-1.8.0' from 'https://0.entrypoint.co/cache'...
2019-02-16T11:53:11+00:00 qculCXMO waveguide-err INFO copying path '/nix/store/a9ixyvhskqiy1akzq1jvra45yk2yl11a-linux-pam-1.3.0' from 'https://0.entrypoint.co/cache'...
2019-02-16T11:53:11+00:00 qculCXMO waveguide-err INFO copying path '/nix/store/ir8xfvrc777i875k3ygxjlf3ykj1nsgh-curl-7.59.0' from 'https://0.entrypoint.co/cache'...
2019-02-16T11:53:11+00:00 qculCXMO waveguide-err INFO copying path '/nix/store/9c9vryq51hlw0jr8ddk2yk1qvkaq0vl2-curl-7.61.0' from 'https://0.entrypoint.co/cache'...
2019-02-16T11:53:11+00:00 qculCXMO waveguide-err INFO copying path '/nix/store/mydwfxzk8bka4iwjml033dir6gkmqwic-openssh-7.7p1' from 'https://0.entrypoint.co/cache'...
2019-02-16T11:53:11+00:00 qculCXMO waveguide-err INFO copying path '/nix/store/r2ia0rfv30q4p5fq8n2jqywm7qqn2ns6-aws-sdk-cpp-1.5.17' from 'https://0.entrypoint.co/cache'...
2019-02-16T11:53:11+00:00 qculCXMO waveguide-err INFO copying path '/nix/store/92pyrnjf90wix80yzphv0z5fqilg88h5-sqlite-3.24.0' from 'https://0.entrypoint.co/cache'...
2019-02-16T11:53:11+00:00 qculCXMO waveguide-err INFO copying path '/nix/store/yl12ga4svrrq7qmzyxhig2mmrf0wmql6-nix-2.1' from 'https://0.entrypoint.co/cache'...
2019-02-16T11:53:11+00:00 qculCXMO waveguide-err INFO copying path '/nix/store/6b6lzbq74g95j8qlbrdjzkn2ghh81mgy-python-2.7.15' from 'https://0.entrypoint.co/cache'...
2019-02-16T11:53:11+00:00 qculCXMO waveguide-err INFO copying path '/nix/store/yypprmw8hrmvwyhhz23w8z25yjvdhnxb-git-2.18.0' from 'https://0.entrypoint.co/cache'...
2019-02-16T11:53:11+00:00 qculCXMO waveguide-err INFO copying path '/nix/store/0w7rvnby6sk6srxlr52jgzfn5mcpdmlb-nix-prefetch-git' from 'https://0.entrypoint.co/cache'...
2019-02-16T11:53:11+00:00 qculCXMO waveguide-out INFO /nix/store/0w7rvnby6sk6srxlr52jgzfn5mcpdmlb-nix-prefetch-git
2019-02-16T11:53:18+00:00 qculCXMO waveguide-usr INFO Running command du -hs /nix/store...
2019-02-16T11:53:18+00:00 qculCXMO waveguide-out INFO 477M	/nix/store
2019-02-16T11:53:18+00:00 qculCXMO waveguide-usr INFO Prefetch Git repository into the Nix store...
2019-02-16T11:53:19+00:00 qculCXMO waveguide-usr INFO Prefetch result path is: /nix/store/4z63d5jj4fg2dyvm90667c92g00mlgdw-waveguide-f930189.
2019-02-16T11:53:19+00:00 qculCXMO waveguide-usr INFO Extracting release.nix names...
2019-02-16T11:53:19+00:00 qculCXMO waveguide-usr INFO Running command cat names.txt...
2019-02-16T11:53:19+00:00 qculCXMO waveguide-out INFO waveguide
2019-02-16T11:53:19+00:00 qculCXMO waveguide-usr INFO Building waveguide...
2019-02-16T11:53:19+00:00 qculCXMO waveguide-usr INFO Running command nix-build --no-out-link -A waveguide /nix/store/4z63d5jj4fg2dyvm90667c92g00mlgdw-waveguide-f930189/release.nix...
2019-02-16T11:53:19+00:00 qculCXMO waveguide-err INFO unpacking 'https://github.com/nixos/nixpkgs/archive/e9d4bab04458cd03cb9029d2d571c37cc017ffdc.tar.gz'...
2019-02-16T11:53:19+00:00 qculCXMO waveguide-err INFO unpacking 'https://github.com/noteed/nixpkgs-stackage/tarball/7992ea5e52ffc0d6cee607aa06f9b85822d9c418/reesd-stack.tar.gz'...
2019-02-16T11:53:19+00:00 qculCXMO waveguide-err INFO warning: dumping very large path (> 256 MiB); this may run out of memory
2019-02-16T11:53:19+00:00 qculCXMO waveguide-err INFO these derivations will be built:
2019-02-16T11:53:19+00:00 qculCXMO waveguide-err INFO   /nix/store/b7irlwi2wjlx5aj1dghx4c8k3ax6m56q-busybox.drv
2019-02-16T11:53:19+00:00 qculCXMO waveguide-err INFO   /nix/store/drsdq2ca1q1dj1hd0r1w2hl4s0fak1vh-bootstrap-tools.tar.xz.drv
2019-02-16T11:53:19+00:00 qculCXMO waveguide-err INFO   /nix/store/bfil786fxmnjcwc7mqpm0mk4xnm2cphg-bootstrap-tools.drv
2019-02-16T11:53:19+00:00 qculCXMO waveguide-err INFO   /nix/store/h40r3ja68g0phsx7xzqphkryqgkmy9jv-bootstrap-stage0-stdenv-linux.drv
2019-02-16T11:53:19+00:00 qculCXMO waveguide-err INFO   /nix/store/mp17kp6r0m1mh131dhb9p5j3275lsy87-bootstrap-stage0-glibc.drv
2019-02-16T11:53:19+00:00 qculCXMO waveguide-err INFO   /nix/store/s8vmlrpyczgcd5z2bla7fh9icsr5dj3q-bootstrap-stage0-binutils-wrapper.drv
2019-02-16T11:53:19+00:00 qculCXMO waveguide-err INFO   /nix/store/j9miiihw6khrfa2j4qv74b20vkgkx2bx-bootstrap-stage1-gcc-wrapper.drv
2019-02-16T11:53:19+00:00 qculCXMO waveguide-err INFO   /nix/store/dinjvzgynlz30hr0rmxald3x1jbilw6d-bootstrap-stage1-stdenv-linux.drv
2019-02-16T11:53:19+00:00 qculCXMO waveguide-err INFO   /nix/store/76x0d6kpixy2d96jz3vfjppv7zimg5js-expand-response-params.drv
2019-02-16T11:53:19+00:00 qculCXMO waveguide-err INFO   /nix/store/mfiqgcj53nxd7hijki2fl2yd2lyrbkcj-m4-1.4.18.tar.bz2.drv
2019-02-16T11:53:19+00:00 qculCXMO waveguide-err INFO   /nix/store/0i5h0hi5bhdv21wagbvv7kf9k99piwzh-gnum4-1.4.18.drv
2019-02-16T11:53:19+00:00 qculCXMO waveguide-err INFO   /nix/store/lipzi1qhy9zm3ywbvgnc0nvxn1c0fqzs-bison-3.0.5.tar.gz.drv
2019-02-16T11:53:19+00:00 qculCXMO waveguide-err INFO   /nix/store/4x3famhx2zy5q0khadzdj2wsp3glg6n3-0001-Fix-missing-build-dependency-for-pods.patch.drv
2019-02-16T11:53:19+00:00 qculCXMO waveguide-err INFO   /nix/store/dhhdvjifgfsy4n3j9r2fdafdb1j2x5h8-perl-5.28.0.tar.gz.drv
2019-02-16T11:53:19+00:00 qculCXMO waveguide-err INFO   /nix/store/xqmmzan483v2kd2kf0gygi8a0r4xi4lj-perl-5.28.0.drv
2019-02-16T11:53:19+00:00 qculCXMO waveguide-err INFO   /nix/store/af3m2fc3akhrxplr64hwca6f2qd0dm00-bison-3.0.5.drv
2019-02-16T11:53:19+00:00 qculCXMO waveguide-err INFO   /nix/store/y87babk8jipsdynhb9sd9jbqlkyp670g-zlib-1.2.11.tar.gz.drv
2019-02-16T11:53:19+00:00 qculCXMO waveguide-err INFO   /nix/store/jysg9dvlrmgyjfls68mapfn8plyg2s2i-zlib-1.2.11.drv
2019-02-16T11:53:19+00:00 qculCXMO waveguide-err INFO   /nix/store/nz5w78b7c3b4vvplap5ahyr4l208041l-binutils-2.30.tar.bz2.drv
2019-02-16T11:53:19+00:00 qculCXMO waveguide-err INFO   /nix/store/3lrh7i8fmc50l9qnglchkscbry2pncsg-binutils-2.30.drv
2019-02-16T11:53:19+00:00 qculCXMO waveguide-err INFO   /nix/store/n97fvkzp1rx7s657hb1arw6xp57kdwyq-bootstrap-stage1-stdenv-linux.drv
2019-02-16T11:53:19+00:00 qculCXMO waveguide-err INFO   /nix/store/8cv2zwkn59hk33ajpfnzkn8dx74n9pp0-binutils-wrapper-2.30.drv
2019-02-16T11:53:19+00:00 qculCXMO waveguide-err INFO   /nix/store/hrg6w6zdiyrw39z1vy1ijn3xbh4aqak1-bootstrap-stage2-gcc-wrapper.drv
2019-02-16T11:53:19+00:00 qculCXMO waveguide-err INFO   /nix/store/07x305i7kgycriigjr8n6rcgfmghd4gp-bootstrap-stage2-stdenv-linux.drv
2019-02-16T11:53:19+00:00 qculCXMO waveguide-err INFO   /nix/store/0ap4408cvi9qlxbs0r2ai82a0bkvcy7n-patch-2.7.6.tar.xz.drv
2019-02-16T11:53:19+00:00 qculCXMO waveguide-err INFO   /nix/store/bwwx4f7zgkhwnhf1lw1r1zcbgb61vrvc-ed-1.14.2.tar.lz.drv
2019-02-16T11:53:19+00:00 qculCXMO waveguide-err INFO   /nix/store/vh10p6acr82b3kkvl3ijqllvcj7a7ykx-binutils-wrapper-2.30.drv
2019-02-16T11:53:19+00:00 qculCXMO waveguide-err INFO   /nix/store/c9ncq80i7xdh84gr4brsd55747cfp9v2-bootstrap-stage4-gcc-wrapper-7.3.0.drv
2019-02-16T11:53:19+00:00 qculCXMO waveguide-err INFO   /nix/store/x26rpsjpmy9ilvkn49k08frqjr005w3y-patchelf-0.9.tar.bz2.drv
2019-02-16T11:53:19+00:00 qculCXMO waveguide-err INFO   /nix/store/f5zvm68mz0n8wwdgjw6g578kqzwd2nph-patchelf-0.9.drv
2019-02-16T11:53:19+00:00 qculCXMO waveguide-err INFO   /nix/store/16y3ldxxd1m3xpkzbyw8bq2wprw8cs93-xz-5.2.4.tar.bz2.drv
2019-02-16T11:53:19+00:00 qculCXMO waveguide-err INFO   /nix/store/54cw7iarz640rfjcrzpwi6sl9yqzrib5-paxctl-0.9.tar.gz.drv
2019-02-16T11:53:19+00:00 qculCXMO waveguide-err INFO   /nix/store/bpzglidmpcj49q9rwp5dpddw367v9sav-paxctl-0.9.drv
2019-02-16T11:53:19+00:00 qculCXMO waveguide-err INFO   /nix/store/zafkzkk201ww6inz9fymmj2kpl28wb2j-expand-response-params.drv
2019-02-16T11:53:19+00:00 qculCXMO waveguide-err INFO   /nix/store/x1xc6x3lb6yyis2mxfb7fhykbl23hpsr-bootstrap-stage3-gcc-wrapper.drv
2019-02-16T11:53:19+00:00 qculCXMO waveguide-err INFO   /nix/store/b7mxlm1mc8c455ks6lh7l6i1p3hlkmh4-bootstrap-stage3-stdenv-linux.drv
2019-02-16T11:53:19+00:00 qculCXMO waveguide-err INFO   /nix/store/vc7a54gwvpkrzvw1pgx3kdhbj02jkpcr-xz-5.2.4.drv
2019-02-16T11:53:19+00:00 qculCXMO waveguide-err INFO   /nix/store/hla4km7vmzy7hbzy8214x3slk5n34bk3-bootstrap-stage4-stdenv-linux.drv
2019-02-16T11:53:19+00:00 qculCXMO waveguide-err INFO   /nix/store/1h8m228bdx6jmd03vzim7ncg2mm63fcl-lzip-1.20.tar.gz.drv
2019-02-16T11:53:19+00:00 qculCXMO waveguide-err INFO   /nix/store/r7sf1wjbnimwgnv276jh59nfnzw40x30-texinfo-6.5.tar.xz.drv
2019-02-16T11:53:19+00:00 qculCXMO waveguide-err INFO   /nix/store/kn7w9x1mfyk07hbl0c1z37kx7s5q9zv0-texinfo-6.5.drv
2019-02-16T11:53:19+00:00 qculCXMO waveguide-err INFO   /nix/store/q1paaq36j87inwmllbrr0lp1722m8j5y-lzip-1.20.drv
2019-02-16T11:53:19+00:00 qculCXMO waveguide-err INFO   /nix/store/2gcyiiqkh83ikvz2lqlps2sxc0brfjm6-ed-1.14.2.drv
2019-02-16T11:53:19+00:00 qculCXMO waveguide-err INFO   /nix/store/gjh8946zv7ysfgifs5305d9sx2kqsaba-Fix_arbitrary_command_execution_in_ed-style_patches.patch.drv
2019-02-16T11:53:19+00:00 qculCXMO waveguide-err INFO   /nix/store/vx2nk5rzglkrdv62rrymgnic6yrqfykr-Allow_input_files_to_be_missing_for_ed-style_patches.patch.drv
2019-02-16T11:53:19+00:00 qculCXMO waveguide-err INFO   /nix/store/8c7yjx6l16lhrqyzvzagz3gdx23bmqkn-gettext-0.19.8.1.tar.gz.drv
2019-02-16T11:53:19+00:00 qculCXMO waveguide-err INFO   /nix/store/0vbdllr9cw61gah2xqj7sjqb68fsp6d6-gettext-0.19.8.1.drv
2019-02-16T11:53:19+00:00 qculCXMO waveguide-err INFO   /nix/store/2v6cr68vam0vcc6db6zkwz6p9fz8blap-autoconf-2.69.tar.xz.drv
2019-02-16T11:53:19+00:00 qculCXMO waveguide-err INFO   /nix/store/4apfjf8x8m6vlwmq28fadpvvxxnqkjg5-autoconf-2.69.drv
2019-02-16T11:53:19+00:00 qculCXMO waveguide-err INFO   /nix/store/4hx8z0vbxg8ylmlrcad24nzyzk3mb0f6-libtool-2.4.6.tar.gz.drv
2019-02-16T11:53:19+00:00 qculCXMO waveguide-err INFO   /nix/store/8sliih2dirik5f5ikl41d5x6d1npqimy-help2man-1.47.6.tar.xz.drv
2019-02-16T11:53:19+00:00 qculCXMO waveguide-err INFO   /nix/store/0a857y7mjpxbxqq63i8kkscx88j8q2q4-gettext-1.07.tar.gz.drv
2019-02-16T11:53:19+00:00 qculCXMO waveguide-err INFO   /nix/store/9m3qhxdk5bs2vk1ddv81gdpdhi6gzig2-perl-5.28.0.drv
2019-02-16T11:53:19+00:00 qculCXMO waveguide-err INFO   /nix/store/fhj4wvq9325wfb9cdwaynx9vbzbws9rf-perl5.28.0-gettext-1.07.drv
2019-02-16T11:53:19+00:00 qculCXMO waveguide-err INFO   /nix/store/knlsgfdggns3q7ibdmicbbh46cchrjcr-help2man-1.47.6.drv
2019-02-16T11:53:19+00:00 qculCXMO waveguide-err INFO   /nix/store/6v1kzxfpl7rka9fbrdcc3w8haf44p6q5-libtool-2.4.6.drv
2019-02-16T11:53:19+00:00 qculCXMO waveguide-err INFO   /nix/store/pxph9z7s9i4jp40skdfy9dmx9azkig0q-bootstrap-stage4-stdenv-linux.drv
2019-02-16T11:53:19+00:00 qculCXMO waveguide-err INFO   /nix/store/9iapjk9v9028hkx1gcmdnc02y3ljjfqb-automake-1.16.1.tar.xz.drv
2019-02-16T11:53:19+00:00 qculCXMO waveguide-err INFO   /nix/store/v77admxk5q3ycqlwvr68z7gl8q2s8yx6-automake-1.16.1.drv
2019-02-16T11:53:19+00:00 qculCXMO waveguide-err INFO   /nix/store/wq2cvspmx06657ajvz3ip8sj4dk6k85d-hook.drv
2019-02-16T11:53:19+00:00 qculCXMO waveguide-err INFO   /nix/store/0bxjdykkgq72x4cdv10ha8pvv6r3hxr7-patch-2.7.6.drv
2019-02-16T11:53:19+00:00 qculCXMO waveguide-err INFO   /nix/store/5fsyc2nin1rqk7kwafwqj4p4p4hv68sj-paxctl-0.9.drv
2019-02-16T11:53:19+00:00 qculCXMO waveguide-err INFO   /nix/store/f1dz1yrk6ygqjp9cc9w70gz5b7kfjipl-patchelf-0.9.drv
2019-02-16T11:53:19+00:00 qculCXMO waveguide-err INFO   /nix/store/5n4ksakqxyblpn6aj5yvy0128qsnwvh8-diffutils-3.6.tar.xz.drv
2019-02-16T11:53:19+00:00 qculCXMO waveguide-err INFO   /nix/store/llsy5xzvascjzmz560kknd0wz9wyqazl-diffutils-3.6.drv
2019-02-16T11:53:19+00:00 qculCXMO waveguide-err INFO   /nix/store/jj8dfabgnqnrs2rn69ypcpxjmfyx63d0-make-4.2.1.tar.bz2.drv
2019-02-16T11:53:19+00:00 qculCXMO waveguide-err INFO   /nix/store/rdaq5zjb0082mqnv8anradghp3d1hg58-gnumake-4.2.1.drv
2019-02-16T11:53:19+00:00 qculCXMO waveguide-err INFO   /nix/store/dmjdq9rphb35vv9k9k601h0y0h0riwsw-stdenv-linux.drv
2019-02-16T11:53:19+00:00 qculCXMO waveguide-err INFO   /nix/store/fgp9gyvfhilynn2yjwcc6cnp3f2zylpy-pkg-config-0.29.2.tar.gz.drv
2019-02-16T11:53:19+00:00 qculCXMO waveguide-err INFO   /nix/store/60si2zz52hyazpivsjzrfzrrhxr1yk8s-pkg-config-0.29.2.drv
2019-02-16T11:53:19+00:00 qculCXMO waveguide-err INFO   /nix/store/fdx8m1prqpzb91x0gv22451dpvc88lrp-libssh2-1.8.0.tar.gz.drv
2019-02-16T11:53:19+00:00 qculCXMO waveguide-err INFO   /nix/store/dha5d6m2xlqccljljjk9bjskjzyr5438-openssl-1.0.2p.tar.gz.drv
2019-02-16T11:53:19+00:00 qculCXMO waveguide-err INFO   /nix/store/i12c15d9rnz45as76s0nsa0nypl0fl6z-openssl-1.0.2p.drv
2019-02-16T11:53:19+00:00 qculCXMO waveguide-err INFO   /nix/store/a2hgm39r7cqm25ajjp6mrdnswy6ssx7a-libssh2-1.8.0.drv
2019-02-16T11:53:19+00:00 qculCXMO waveguide-err INFO   /nix/store/rjmwnf00ns3c1lbd1r06980yi7zhddh8-keyutils-1.5.10.tar.bz2.drv
2019-02-16T11:53:19+00:00 qculCXMO waveguide-err INFO   /nix/store/i04s4sscflwd0n49mklrzg7mvwl0znhw-keyutils-1.5.10.drv
2019-02-16T11:53:19+00:00 qculCXMO waveguide-err INFO   /nix/store/p74n2vzqh1qhnb0vph4shhd1g03h4aa7-krb5-1.15.2.tar.gz.drv
2019-02-16T11:53:19+00:00 qculCXMO waveguide-err INFO   /nix/store/dpbk6m9chsmil7c56lkm6mzsj9l7596w-libkrb5-1.15.2.drv
2019-02-16T11:53:19+00:00 qculCXMO waveguide-err INFO   /nix/store/i561fw1pqqxcicbqciisc8d8nbpdvkzk-curl-7.61.0.tar.bz2.drv
2019-02-16T11:53:19+00:00 qculCXMO waveguide-err INFO   /nix/store/bb3jgllgc21jhn52kbsf3wsfykvr071x-c-ares-1.14.0.tar.gz.drv
2019-02-16T11:53:19+00:00 qculCXMO waveguide-err INFO   /nix/store/37r5dksmgix4sp130gglqm6fd2i41psp-c-ares-1.14.0.drv
2019-02-16T11:53:19+00:00 qculCXMO waveguide-err INFO   /nix/store/4iidhax10argyy6kr0i3fdzxcy933ljn-nghttp2-1.32.0.tar.bz2.drv
2019-02-16T11:53:19+00:00 qculCXMO waveguide-err INFO   /nix/store/dizw70g8n1hapy34kv4ybbjhxjjdsbpz-libev-4.24.tar.gz.drv
2019-02-16T11:53:19+00:00 qculCXMO waveguide-err INFO   /nix/store/r0c27jd6gyidwvccrd35azmdhwlh1w2s-libev-4.24.drv
2019-02-16T11:53:19+00:00 qculCXMO waveguide-err INFO   /nix/store/i6jzcljd290h0fgnf3wr110c8vbpdsvi-nghttp2-1.32.0.drv
2019-02-16T11:53:19+00:00 qculCXMO waveguide-err INFO   /nix/store/aa9rfzrbsc3jmlbp5rljx4rjv922zk7q-curl-7.61.0.drv
2019-02-16T11:53:19+00:00 qculCXMO waveguide-err INFO   /nix/store/fg6dz2dfa30rfgim7p4n894i4q89i0m4-stdenv-linux.drv
2019-02-16T11:53:19+00:00 qculCXMO waveguide-err INFO   /nix/store/xnw0pmd0h6gpbw26gp05b5x52kv28h6i-mirrors-list.drv
2019-02-16T11:53:19+00:00 qculCXMO waveguide-err INFO   /nix/store/08c5cxhg51mmacvsa1waqkpp0fn6kizx-chell-0.4.0.2.tar.gz.drv
2019-02-16T11:53:19+00:00 qculCXMO waveguide-err INFO   /nix/store/8jjc0q9qm4wkwmr8zjfz0ww54p2ia94a-remove-references-to.drv
2019-02-16T11:53:19+00:00 qculCXMO waveguide-err INFO   /nix/store/gww3fzpxgf65x9kmzji5rxy45wn67k6j-NumInstances-1.4.tar.gz.drv
2019-02-16T11:53:19+00:00 qculCXMO waveguide-err INFO   /nix/store/8fxxsiqk2rrgh3pdq13gxcrfg9yccr7z-hscolour-1.24.4.tar.gz.drv
2019-02-16T11:53:19+00:00 qculCXMO waveguide-err INFO   /nix/store/h656w0difay9f0s8szgvrmld6p1j3gaa-locales-setup-hook.sh.drv
2019-02-16T11:53:19+00:00 qculCXMO waveguide-err INFO   /nix/store/shv7f3388fhhipq5yc4f09wh2allfgwx-glibc-2.27.tar.xz.drv
2019-02-16T11:53:19+00:00 qculCXMO waveguide-err INFO   /nix/store/cjxx872kwc3bqyv3g3w5pfmww2cyhxk2-bison-3.0.5.tar.gz.drv
2019-02-16T11:53:19+00:00 qculCXMO waveguide-err INFO   /nix/store/2q5nd2iv2l24khriw2kk7bxd2b7vgrj4-m4-1.4.18.tar.bz2.drv
2019-02-16T11:53:19+00:00 qculCXMO waveguide-err INFO   /nix/store/wjrgizgdaciby42rsk6js9pw8gdjinnv-gnum4-1.4.18.drv
2019-02-16T11:53:19+00:00 qculCXMO waveguide-err INFO   /nix/store/x7hja2cgm65w4k4qg0qql3sndjw806w0-bison-3.0.5.drv
2019-02-16T11:53:19+00:00 qculCXMO waveguide-err INFO   /nix/store/vz31srijq806wqhrmv65cb8b9p39lclx-glibc-locales-2.27.drv
2019-02-16T11:53:19+00:00 qculCXMO waveguide-err INFO   /nix/store/kafg8cc11qn57whaapxsby1gh7anb8sz-hscolour-1.24.4.drv
2019-02-16T11:53:19+00:00 qculCXMO waveguide-err INFO   /nix/store/bnygml8s6m10nd1zvp6ql2cvvgb43ikw-NumInstances-1.4.drv
2019-02-16T11:53:19+00:00 qculCXMO waveguide-err INFO   /nix/store/lah8c5dqw07gh0c8770q3wbi0gaz0xy7-MemoTrie-0.6.8.tar.gz.drv
2019-02-16T11:53:19+00:00 qculCXMO waveguide-err INFO   /nix/store/l5jmvyh8pj4pkyrs76h5ihc4r7kznqhl-newtype-generics-0.5.1.tar.gz.drv
2019-02-16T11:53:19+00:00 qculCXMO waveguide-err INFO   /nix/store/mhvpx3z82pjsrv3hs480qv6pj2913ba5-newtype-generics-0.5.1.drv
2019-02-16T11:53:19+00:00 qculCXMO waveguide-err INFO   /nix/store/bw43yi93x0144vf3wn3srgjnx91ra2m7-MemoTrie-0.6.8.drv
2019-02-16T11:53:19+00:00 qculCXMO waveguide-err INFO   /nix/store/fb6ji1n0zcdff6jxcll4ha9y1sg9vkqj-Boolean-0.2.4.tar.gz.drv
2019-02-16T11:53:19+00:00 qculCXMO waveguide-err INFO   /nix/store/hclq50yq8xiwbpp5hcn9m9dh353scdjf-Boolean-0.2.4.drv
2019-02-16T11:53:19+00:00 qculCXMO waveguide-err INFO   /nix/store/z0d4w0kpgkndc6svhxvnz8awlygxygq3-vector-space-0.10.4.tar.gz.drv
2019-02-16T11:53:19+00:00 qculCXMO waveguide-err INFO   /nix/store/0sd8v3zbzliinyiz6h3s5jj382py8dmf-vector-space-0.10.4.drv
2019-02-16T11:53:19+00:00 qculCXMO waveguide-err INFO   /nix/store/2mama4gk66bd6wzq5ccc6wanv1w8zdf2-ansi-wl-pprint-0.6.7.3.tar.gz.drv
2019-02-16T11:53:19+00:00 qculCXMO waveguide-err INFO   /nix/store/31kiqcm1qanrkddndrn0rvfkjrnva9ih-optional-args-1.0.1.tar.gz.drv
2019-02-16T11:53:19+00:00 qculCXMO waveguide-err INFO   /nix/store/5fkcsqbk5qgx9ng2cinkdr49yn0q9w2w-managed-1.0.5.tar.gz.drv
2019-02-16T11:53:19+00:00 qculCXMO waveguide-err INFO   /nix/store/31x1vlrz6ijv6qx0ld4srfvpidiy4084-managed-1.0.5.drv
2019-02-16T11:53:19+00:00 qculCXMO waveguide-err INFO   /nix/store/5wgapiarjw1x83wbanp2qnfdwwx8jy27-system-fileio-0.3.16.3.tar.gz.drv
2019-02-16T11:53:19+00:00 qculCXMO waveguide-err INFO   /nix/store/59bn38nd6q0gxy3bwn6qh8w1wg3x4nfv-temporary-1.2.1.1.tar.gz.drv
2019-02-16T11:53:19+00:00 qculCXMO waveguide-err INFO   /nix/store/9hahnm4mnh2fbllwld1wcxk3xffdh1nk-temporary-1.2.1.1.drv
2019-02-16T11:53:19+00:00 qculCXMO waveguide-err INFO   /nix/store/8wg5vgxpw276cxh4k23x459z294p2fks-monads-tf-0.1.0.3.tar.gz.drv
2019-02-16T11:53:19+00:00 qculCXMO waveguide-err INFO   /nix/store/4jys2f3p61v1962p33wwn72kc219wcvc-monads-tf-0.1.0.3.drv
2019-02-16T11:53:19+00:00 qculCXMO waveguide-err INFO   /nix/store/m4gd515z8xyakv1rmcznm2bjq8a03in2-options-1.2.1.1.tar.gz.drv
2019-02-16T11:53:19+00:00 qculCXMO waveguide-err INFO   /nix/store/p61srmywhxh1cni9k5p8a0kpsfzv2r5c-options-1.2.1.1.drv
2019-02-16T11:53:19+00:00 qculCXMO waveguide-err INFO   /nix/store/3hcnf1hhq0r5pffrn3nxfi44mrxcq9hd-patience-0.1.1.tar.gz.drv
2019-02-16T11:53:19+00:00 qculCXMO waveguide-err INFO   /nix/store/s66k64ki4r47hdghgv1s76xwixsazgch-patience-0.1.1.drv
2019-02-16T11:53:19+00:00 qculCXMO waveguide-err INFO   /nix/store/zl6yrjv7yzag5274xlqakjvz4y1iys4p-ansi-terminal-0.6.3.1.tar.gz.drv
2019-02-16T11:53:19+00:00 qculCXMO waveguide-err INFO   /nix/store/ws7mwyahnm9xd4f9fx6jpyvfbidqznsd-ansi-terminal-0.6.3.1.drv
2019-02-16T11:53:19+00:00 qculCXMO waveguide-err INFO   /nix/store/iw4sxnvgnm8k1i8bv1d0l9x4272l9k2d-chell-0.4.0.2.drv
2019-02-16T11:53:19+00:00 qculCXMO waveguide-err INFO   /nix/store/m2jicf72q6k91fnwqg7hy2aj1mbr2z0m-system-filepath-0.4.13.4.tar.gz.drv
2019-02-16T11:53:19+00:00 qculCXMO waveguide-err INFO   /nix/store/r3j1zzmws0ih6x6s7a22pciq47q3nbhh-system-filepath-0.4.13.4.drv
2019-02-16T11:53:19+00:00 qculCXMO waveguide-err INFO   /nix/store/3397xpwimz3a842qs30s379m7s0561pi-system-fileio-0.3.16.3.drv
2019-02-16T11:53:19+00:00 qculCXMO waveguide-err INFO   /nix/store/33fikpf56q6wmiybjbwq5kq7ywhwhnvq-optional-args-1.0.1.drv
2019-02-16T11:53:19+00:00 qculCXMO waveguide-err INFO   /nix/store/38hnzxms291zlhn6g5ayj3nvyi5ijvfv-doctest-0.11.4.tar.gz.drv
2019-02-16T11:53:19+00:00 qculCXMO waveguide-err INFO   /nix/store/dhb6nym2wi3shpzwym9jxnwc57zvavx0-logging-facade-0.3.0.tar.gz.drv
2019-02-16T11:53:19+00:00 qculCXMO waveguide-err INFO   /nix/store/75zwq5d7fvwkg7zhm4ria86y8yvzwl0a-hspec-2.4.4.tar.gz.drv
2019-02-16T11:53:19+00:00 qculCXMO waveguide-err INFO   /nix/store/5r649lm8r3na5rwd07j6dslzkbg7rggr-hspec-meta-2.4.4.tar.gz.drv
2019-02-16T11:53:19+00:00 qculCXMO waveguide-err INFO   /nix/store/ir8rr98dyx8agbxag94jn9j9hj20k67s-quickcheck-io-0.2.0.tar.gz.drv
2019-02-16T11:53:19+00:00 qculCXMO waveguide-err INFO   /nix/store/n75lc91rfmbvjqaqbfk2vqga1d4jchf1-quickcheck-io-0.2.0.drv
2019-02-16T11:53:19+00:00 qculCXMO waveguide-err INFO   /nix/store/7x6da55wdw5hllf49451kcgk1zcv04sd-nanospec-0.2.1.tar.gz.drv
2019-02-16T11:53:19+00:00 qculCXMO waveguide-err INFO   /nix/store/gm3kpyfpmf79s6wnjhpg8iamng9wb5ih-nanospec-0.2.1.drv
2019-02-16T11:53:19+00:00 qculCXMO waveguide-err INFO   /nix/store/kxcvn7s58arqvqklrl4hdar34aw5qp6z-hspec-expectations-0.8.2.tar.gz.drv
2019-02-16T11:53:19+00:00 qculCXMO waveguide-err INFO   /nix/store/qnb0gq65xz59ngsgan2gmm792q22bp9b-hspec-expectations-0.8.2.drv
2019-02-16T11:53:19+00:00 qculCXMO waveguide-err INFO   /nix/store/hkvkiiiq67xzf8yzvz3fnfg60xxnw3my-async-2.1.1.1.tar.gz.drv
2019-02-16T11:53:19+00:00 qculCXMO waveguide-err INFO   /nix/store/wpw8sa9wwrkr5sshy5066d7zs5lxj7yi-async-2.1.1.1.drv
2019-02-16T11:53:19+00:00 qculCXMO waveguide-err INFO   /nix/store/bjins0bvkihd8zrwydrqg2jnpg8b7lpb-hspec-meta-2.4.4.drv
2019-02-16T11:53:19+00:00 qculCXMO waveguide-err INFO   /nix/store/ig55vb407357vjp9ivgjlly73r23dbbx-stringbuilder-0.5.0.tar.gz.drv
2019-02-16T11:53:19+00:00 qculCXMO waveguide-err INFO   /nix/store/cd7w39684chrpaqxsrh6q4nrjxq6zwv9-stringbuilder-0.5.0.drv
2019-02-16T11:53:19+00:00 qculCXMO waveguide-err INFO   /nix/store/xzbwrxgyl4zfv3vrcwil2mgn27712gmf-hspec-discover-2.4.4.tar.gz.drv
2019-02-16T11:53:19+00:00 qculCXMO waveguide-err INFO   /nix/store/nsvl1a8jaancpnwljrjq0gf3rk1jvwdi-hspec-discover-2.4.4.drv
2019-02-16T11:53:19+00:00 qculCXMO waveguide-err INFO   /nix/store/f3gabj4a948fyw9jxfpbyf6yvjxl45cv-hspec-core-2.4.4.tar.gz.drv
2019-02-16T11:53:19+00:00 qculCXMO waveguide-err INFO   /nix/store/flpn7426lfbapa0340w1bn2nybhxvbyq-silently-1.2.5.tar.gz.drv
2019-02-16T11:53:19+00:00 qculCXMO waveguide-err INFO   /nix/store/ic8dxr6d0420pzk08y8nvz28j4msd3a2-silently-1.2.5.drv
2019-02-16T11:53:19+00:00 qculCXMO waveguide-err INFO   /nix/store/xvqnn3sx6m25k7ggqcasjkir91n06v56-hspec-core-2.4.4.drv
2019-02-16T11:53:19+00:00 qculCXMO waveguide-err INFO   /nix/store/y4phls9xj18sy67ha0zx2sz03pm0gil0-hspec-2.4.4.drv
2019-02-16T11:53:19+00:00 qculCXMO waveguide-err INFO   /nix/store/4iadjkkcm1m067ynpd8wj8aqbrffmjsn-logging-facade-0.3.0.drv
2019-02-16T11:53:19+00:00 qculCXMO waveguide-err INFO   /nix/store/55lmjxszbx93pjfqzcf5n7z1qiaw6fcg-Cabal-1.24.2.0.tar.gz.drv
2019-02-16T11:53:19+00:00 qculCXMO waveguide-err INFO   /nix/store/q3g4kbsnh55ayjwk59nwkiig7d7rfkbp-polyparse-1.12.tar.gz.drv
2019-02-16T11:53:19+00:00 qculCXMO waveguide-err INFO   /nix/store/579chkncdlx1f1vl96r67mjk0f9ayqr3-polyparse-1.12.drv
2019-02-16T11:53:19+00:00 qculCXMO waveguide-err INFO   /nix/store/g71nr95sv3m1kygrl8qqkz5591lx22ik-foldl-1.2.5-r1.cabal.drv
2019-02-16T11:53:19+00:00 qculCXMO waveguide-err INFO   /nix/store/y2qv7wqh19n0abwvrgrx2932vy6xr0y5-foldl-1.2.5.tar.gz.drv
2019-02-16T11:53:19+00:00 qculCXMO waveguide-err INFO   /nix/store/74af6z5znhlai6lir35qsc2hkkzv1idh-foldl-1.2.5.drv
2019-02-16T11:53:19+00:00 qculCXMO waveguide-err INFO   /nix/store/jn2dxr7812rjllg4crn8nyv5xf4kqz8s-turtle-1.3.6.tar.gz.drv
2019-02-16T11:53:19+00:00 qculCXMO waveguide-err INFO   /nix/store/spbfkj2r8lbx5sr7xzlp637s9acf8pxq-hostname-1.0.tar.gz.drv
2019-02-16T11:53:19+00:00 qculCXMO waveguide-err INFO   /nix/store/jqc58ql1ihqnf5hyynd3bsabgkiqvdlx-hostname-1.0.drv
2019-02-16T11:53:19+00:00 qculCXMO waveguide-err INFO   /nix/store/n49r4wcz7qir2f877mq14anssngwgkgb-mockery-0.3.5.tar.gz.drv
2019-02-16T11:53:19+00:00 qculCXMO waveguide-err INFO   /nix/store/acg5v1d5lbxrs7lri3fhdrx1g7nq8g3d-mockery-0.3.5.drv
2019-02-16T11:53:19+00:00 qculCXMO waveguide-err INFO   /nix/store/df7hcr6b8w8ld9wfz8aamr9xknnwfcl3-with-location-0.1.0.tar.gz.drv
2019-02-16T11:53:19+00:00 qculCXMO waveguide-err INFO   /nix/store/aj6bf86h2jdfbkwd51gdyazv00y3ka0i-with-location-0.1.0.drv
2019-02-16T11:53:19+00:00 qculCXMO waveguide-err INFO   /nix/store/siy1pkr8qljijgf5rq6bxzzcysdnzzcy-code-page-0.1.3.tar.gz.drv
2019-02-16T11:53:19+00:00 qculCXMO waveguide-err INFO   /nix/store/fjlwzfs362c6ajcycgmzrs4n55hd0ifs-code-page-0.1.3.drv
2019-02-16T11:53:19+00:00 qculCXMO waveguide-err INFO   /nix/store/75cyg1jz436pb3b7dkhd6j0nnj6n1qm5-syb-0.7.tar.gz.drv
2019-02-16T11:53:19+00:00 qculCXMO waveguide-err INFO   /nix/store/j49bqbclqflvw0a2i53ml6ad4ahk7802-syb-0.7.drv
2019-02-16T11:53:19+00:00 qculCXMO waveguide-err INFO   /nix/store/gb90is3f22sm8c1gg3z0vbrzcf09yklv-ghc-paths-0.1.0.9.tar.gz.drv
2019-02-16T11:53:19+00:00 qculCXMO waveguide-err INFO   /nix/store/ljqk3g4q6fw6w6h25qfs2bqmag485hkv-ghc-paths-0.1.0.9-r2.cabal.drv
2019-02-16T11:53:19+00:00 qculCXMO waveguide-err INFO   /nix/store/ypv6xc86ch0nbh242xyx35qh60cmxiwp-Cabal-1.24.2.0-r2.cabal.drv
2019-02-16T11:53:19+00:00 qculCXMO waveguide-err INFO   /nix/store/sd3gr38dz22bk5dpc4a262fx3x6hfhjf-Cabal-1.24.2.0.drv
2019-02-16T11:53:19+00:00 qculCXMO waveguide-err INFO   /nix/store/kn8v6r6cdrdx6xjplif2d913nq2qza3h-ghc-paths-0.1.0.9.drv
2019-02-16T11:53:19+00:00 qculCXMO waveguide-err INFO   /nix/store/mksyqal1w0d0ckxhc1bc55nj831ki6bd-doctest-0.11.4.drv
2019-02-16T11:53:19+00:00 qculCXMO waveguide-err INFO   /nix/store/mqxw11ggw7k2pp8c2smc30rpmjlm3qr8-ansi-wl-pprint-0.6.7.3.drv
2019-02-16T11:53:19+00:00 qculCXMO waveguide-err INFO   /nix/store/jd4873k75n16jgl9rp7jdxc7w108mkz9-optparse-applicative-0.13.2.0.tar.gz.drv
2019-02-16T11:53:19+00:00 qculCXMO waveguide-err INFO   /nix/store/sa652va2mg3ln3926g03v33k930ap5r4-optparse-applicative-0.13.2.0.drv
2019-02-16T11:53:19+00:00 qculCXMO waveguide-err INFO   /nix/store/699y8y09yzwdzvrs43jl1rqrq9ilc2wc-turtle-1.3.6.drv
2019-02-16T11:53:19+00:00 qculCXMO waveguide-err INFO   /nix/store/jx28640qsf5147h9sp8aamrchz00mhr5-thyme-0.3.5.5.tar.gz.drv
2019-02-16T11:53:19+00:00 qculCXMO waveguide-err INFO   /nix/store/y4lc5v5lh3grpfh3sl364hsdbm5r55ms-cpphs-1.20.8.tar.gz.drv
2019-02-16T11:53:19+00:00 qculCXMO waveguide-err INFO   /nix/store/w58dbb05hdf6bl012rxgmxn0s50qi4ma-cpphs-1.20.8.drv
2019-02-16T11:53:19+00:00 qculCXMO waveguide-err INFO   /nix/store/xgxqyk0mm1kvl03pi4iyd17p3v2fg8y9-thyme-0.3.5.5.drv
2019-02-16T11:53:19+00:00 qculCXMO waveguide-err INFO   /nix/store/ma9aygnifkv93a7b7d74rp5fpjv4jas7-waveguide-0.0.0.drv
2019-02-16T11:53:19+00:00 qculCXMO waveguide-err INFO these paths will be fetched (159.84 MiB download, 1950.54 MiB unpacked):
2019-02-16T11:53:19+00:00 qculCXMO waveguide-err INFO   /nix/store/00274xc3h4jl9ksxi584g6d0vq2r41ya-attoparsec-0.13.1.0
2019-02-16T11:53:19+00:00 qculCXMO waveguide-err INFO   /nix/store/03f0qjx44gsdckzwys0g07f1lnmhghn6-contravariant-1.4
2019-02-16T11:53:19+00:00 qculCXMO waveguide-err INFO   /nix/store/0an59vs12qzwl0ar4rr1zyqzalynqpsh-vector-0.12.0.1
2019-02-16T11:53:19+00:00 qculCXMO waveguide-err INFO   /nix/store/0fk4d2c044l5ahjfn5qn7sc6w4bpdlh3-mwc-random-0.13.6.0-doc
2019-02-16T11:53:19+00:00 qculCXMO waveguide-err INFO   /nix/store/129kyvm7n36qv2ss5pl10ns8zjpplads-clock-0.7.2-doc
2019-02-16T11:53:19+00:00 qculCXMO waveguide-err INFO   /nix/store/12cn7rwf77m2r8dvvr2qmplh1fyzq5i2-unix-compat-0.4.3.1-doc
2019-02-16T11:53:19+00:00 qculCXMO waveguide-err INFO   /nix/store/19l903q9llkr3jr244795x1bkz9qwf66-attoparsec-0.13.1.0-doc
2019-02-16T11:53:19+00:00 qculCXMO waveguide-err INFO   /nix/store/1nbxcgdrycx0kb5wh7zcfzszh91vgwzi-unordered-containers-0.2.8.0-doc
2019-02-16T11:53:19+00:00 qculCXMO waveguide-err INFO   /nix/store/1rng34mx09svsj04jk1lpmffzawyb8qn-hashable-1.2.6.1-doc
2019-02-16T11:53:19+00:00 qculCXMO waveguide-err INFO   /nix/store/1yps1dm7jixy5cpd53bvl95myrw4w44p-tagged-0.8.5
2019-02-16T11:53:19+00:00 qculCXMO waveguide-err INFO   /nix/store/20ps2w82pbbh4y9b1yhrdzmgyc9yipxm-primitive-0.6.2.0
2019-02-16T11:53:19+00:00 qculCXMO waveguide-err INFO   /nix/store/21yhr75pwlj40iklixp9w3718bi49fff-unordered-containers-0.2.8.0
2019-02-16T11:53:19+00:00 qculCXMO waveguide-err INFO   /nix/store/235d0s43y59z6mji3hbi71v30fb8fz3s-primitive-0.6.2.0-doc
2019-02-16T11:53:19+00:00 qculCXMO waveguide-err INFO   /nix/store/2hsqkhzx52sifh7365fjj91fvi161mpy-HUnit-1.5.0.0-doc
2019-02-16T11:53:19+00:00 qculCXMO waveguide-err INFO   /nix/store/2iw0pgprblmcv4z99cppn87f1dgdirbs-math-functions-0.2.1.0
2019-02-16T11:53:19+00:00 qculCXMO waveguide-err INFO   /nix/store/3spl2pcd17hah9wlgfqcr808rs13cw2s-scientific-0.3.5.2-doc
2019-02-16T11:53:19+00:00 qculCXMO waveguide-err INFO   /nix/store/56vipqhk1g32xz9ybn0hzcsz515g3f3c-exceptions-0.8.3-doc
2019-02-16T11:53:19+00:00 qculCXMO waveguide-err INFO   /nix/store/5c339k3s0rmg2h2ljmmsrgwsql63ckb9-text-1.2.2.2-doc
2019-02-16T11:53:19+00:00 qculCXMO waveguide-err INFO   /nix/store/5h8srq5kw1f1mkym624h4xl29kgbnppf-uuid-types-1.0.3
2019-02-16T11:53:19+00:00 qculCXMO waveguide-err INFO   /nix/store/5hfgcmy1dc9l0x97zkm172z9s8gsb100-comonad-5.0.2
2019-02-16T11:53:19+00:00 qculCXMO waveguide-err INFO   /nix/store/5hir9w0mnrw86yv7sf4qghsard0ccwl1-glibc-2.27-bin
2019-02-16T11:53:19+00:00 qculCXMO waveguide-err INFO   /nix/store/5mzn2zld2rzzyazg8wxpjs50rsa32nnf-ncurses-6.1-man
2019-02-16T11:53:19+00:00 qculCXMO waveguide-err INFO   /nix/store/5ns62xqjmxp9c46an5n2lalvcj3y80gx-vector-th-unbox-0.2.1.6
2019-02-16T11:53:19+00:00 qculCXMO waveguide-err INFO   /nix/store/5rcsfig09lm31acla99ac8dkl27dfqhz-vector-th-unbox-0.2.1.6-doc
2019-02-16T11:53:19+00:00 qculCXMO waveguide-err INFO   /nix/store/637jbqr3z62sik1g67js9hkrrkr0k4rh-mwc-random-0.13.6.0
2019-02-16T11:53:19+00:00 qculCXMO waveguide-err INFO   /nix/store/6pv5g29ijpbx4fya0d5zss6hkjki6576-ghc-8.0.2-doc
2019-02-16T11:53:19+00:00 qculCXMO waveguide-err INFO   /nix/store/6yz7851vibc1xjxpiyfzqqi2ksbv6qah-binutils-wrapper-2.30
2019-02-16T11:53:19+00:00 qculCXMO waveguide-err INFO   /nix/store/7dpsffxyyl9bq0r0wwvx5zixrwqv33wx-semigroups-0.18.3-doc
2019-02-16T11:53:19+00:00 qculCXMO waveguide-err INFO   /nix/store/7m4rr7qn2f64qhbr6n74p80cpg3xhk8b-text-1.2.2.2
2019-02-16T11:53:19+00:00 qculCXMO waveguide-err INFO   /nix/store/7wd8459h3spg64b2jskhyllzqr22wa2s-HUnit-1.5.0.0
2019-02-16T11:53:19+00:00 qculCXMO waveguide-err INFO   /nix/store/akak0rxhbi4n87z3nx78ipv76frvj841-glibc-2.27-dev
2019-02-16T11:53:19+00:00 qculCXMO waveguide-err INFO   /nix/store/akx1375hq2819x3d5rz93gimnc606423-StateVar-1.1.0.4
2019-02-16T11:53:19+00:00 qculCXMO waveguide-err INFO   /nix/store/b08sgj9w7rnwdb5bdmlm8nrxgkhpa8qb-aeson-1.1.2.0
2019-02-16T11:53:19+00:00 qculCXMO waveguide-err INFO   /nix/store/b9a9fks5wkal371k999ha5hqkdlr06k5-contravariant-1.4-doc
2019-02-16T11:53:19+00:00 qculCXMO waveguide-err INFO   /nix/store/bvag6rq8jvzcglnc6b7kcrgcnvkskd3i-math-functions-0.2.1.0-doc
2019-02-16T11:53:19+00:00 qculCXMO waveguide-err INFO   /nix/store/cnyksaj18r24vvpyr7fvc040q2wx6kqc-clock-0.7.2
2019-02-16T11:53:19+00:00 qculCXMO waveguide-err INFO   /nix/store/cpdwppzg6pra32wbafnqymhzfjf960da-StateVar-1.1.0.4-doc
2019-02-16T11:53:19+00:00 qculCXMO waveguide-err INFO   /nix/store/dhrcg5drmihd0s4cmavg4dj5x9h628xm-zlib-1.2.11-dev
2019-02-16T11:53:19+00:00 qculCXMO waveguide-err INFO   /nix/store/dvj0kh28l36vzr6ff3381by7y600z6qm-dlist-0.8.0.3-doc
2019-02-16T11:53:19+00:00 qculCXMO waveguide-err INFO   /nix/store/f100a401v2ps4ik1nhk72bzbvwz7p2xr-base-orphans-0.6-doc
2019-02-16T11:53:19+00:00 qculCXMO waveguide-err INFO   /nix/store/f7vckxdcr269pwdwja7my710p7iilrr2-time-locale-compat-0.1.1.3-doc
2019-02-16T11:53:19+00:00 qculCXMO waveguide-err INFO   /nix/store/f8aypljsn0dwwnqz2wyd9xjji59vxmf8-void-0.7.2
2019-02-16T11:53:19+00:00 qculCXMO waveguide-err INFO   /nix/store/glqp24fz3zg5b5n82wbpqwppj78xlvy0-void-0.7.2-doc
2019-02-16T11:53:19+00:00 qculCXMO waveguide-err INFO   /nix/store/gnql49fsqnhlfq81han53ad1zbsda30l-random-1.1
2019-02-16T11:53:19+00:00 qculCXMO waveguide-err INFO   /nix/store/grbb1kzrwgywxwnzwjdwld7n1x9ypiw5-time-locale-compat-0.1.1.3
2019-02-16T11:53:19+00:00 qculCXMO waveguide-err INFO   /nix/store/gy38nw4i5i9x6i4fq5w5z6ln94igix3n-base-compat-0.9.3
2019-02-16T11:53:19+00:00 qculCXMO waveguide-err INFO   /nix/store/h0lbngpv6ln56hjj59i6l77vxq25flbz-binutils-2.30
2019-02-16T11:53:19+00:00 qculCXMO waveguide-err INFO   /nix/store/h8gjl8zb9lad6jj6lkl1j6v5bgdsmqn9-call-stack-0.1.0-doc
2019-02-16T11:53:19+00:00 qculCXMO waveguide-err INFO   /nix/store/i17vnpd9w05wkf4wh2cqhf2nl5lpy4pq-transformers-compat-0.5.1.4-doc
2019-02-16T11:53:19+00:00 qculCXMO waveguide-err INFO   /nix/store/i973d0nwz5z306vz08wcayvs6ks3aas2-exceptions-0.8.3
2019-02-16T11:53:19+00:00 qculCXMO waveguide-err INFO   /nix/store/ibdczlpwrpjgd54y9sz9km0zvi08mvxm-random-1.1-doc
2019-02-16T11:53:19+00:00 qculCXMO waveguide-err INFO   /nix/store/iik8arx9vgrrdgqw63xw5jgmm9w8xvfg-mtl-2.2.1
2019-02-16T11:53:19+00:00 qculCXMO waveguide-err INFO   /nix/store/ipba8r4418ls0j55p5y5gi4zmg2kna5n-gmp-6.1.2-dev
2019-02-16T11:53:19+00:00 qculCXMO waveguide-err INFO   /nix/store/iv39qfbr97jlbhgn28fl8jfv4sc48r8g-base-orphans-0.6
2019-02-16T11:53:19+00:00 qculCXMO waveguide-err INFO   /nix/store/iw94llkj05wgaz268mlzvgx8jkbi1ss0-gcc-wrapper-7.3.0
2019-02-16T11:53:19+00:00 qculCXMO waveguide-err INFO   /nix/store/iwkrd22f20p2mw2qh4aan4f3qxc04x2c-semigroups-0.18.3
2019-02-16T11:53:19+00:00 qculCXMO waveguide-err INFO   /nix/store/j346xxhh8sx9fzj3zg9qllgk7bvl7w1q-old-time-1.1.0.3
2019-02-16T11:53:19+00:00 qculCXMO waveguide-err INFO   /nix/store/jd3mxlqzrq0aaym9qx59lbfklj42kz0l-unix-compat-0.4.3.1
2019-02-16T11:53:19+00:00 qculCXMO waveguide-err INFO   /nix/store/k10wxk3y87l0lmill52rxs5khvph24s4-QuickCheck-2.9.2-doc
2019-02-16T11:53:19+00:00 qculCXMO waveguide-err INFO   /nix/store/kqg9ba9lwmndpk8gzklf8pb6nyf19rp0-comonad-5.0.2-doc
2019-02-16T11:53:19+00:00 qculCXMO waveguide-err INFO   /nix/store/kz0x220p8rynivxy8wp15a5b2gylmqhf-dlist-0.8.0.3
2019-02-16T11:53:19+00:00 qculCXMO waveguide-err INFO   /nix/store/kzyjmrvk4ayzaj144z0acljznv6g84c9-call-stack-0.1.0
2019-02-16T11:53:19+00:00 qculCXMO waveguide-err INFO   /nix/store/l3dwfjffvdgvrr63n9w5976acjckm1iy-old-time-1.1.0.3-doc
2019-02-16T11:53:19+00:00 qculCXMO waveguide-err INFO   /nix/store/lbdy1dkv6kf4a7y8iz5vpdhdsi8w1i6y-hashable-1.2.6.1
2019-02-16T11:53:19+00:00 qculCXMO waveguide-err INFO   /nix/store/ljmwpqjplsyhag5dyg15ivbs51gawml6-integer-logarithms-1.0.2
2019-02-16T11:53:19+00:00 qculCXMO waveguide-err INFO   /nix/store/ly7j1r2f8hib3gc0nmky27is7v4bkm54-old-locale-1.0.0.7
2019-02-16T11:53:19+00:00 qculCXMO waveguide-err INFO   /nix/store/lys9zgga5mni3jnn5scybjrrdancfgr8-tagged-0.8.5-doc
2019-02-16T11:53:19+00:00 qculCXMO waveguide-err INFO   /nix/store/m5pvf4jwf6cm532hbc8i8h7r4wky77hi-tf-random-0.5
2019-02-16T11:53:19+00:00 qculCXMO waveguide-err INFO   /nix/store/mifhp9baq9yvvwf3xnq3nlc9m65dhzlc-base-compat-0.9.3-doc
2019-02-16T11:53:19+00:00 qculCXMO waveguide-err INFO   /nix/store/n5a8v7vz4vv054vdigc5bl5qlm4ja8wy-ncurses-6.1-dev
2019-02-16T11:53:19+00:00 qculCXMO waveguide-err INFO   /nix/store/nlgd82x8rm45fpjq5m78dj6la6l9fjgw-profunctors-5.2.1
2019-02-16T11:53:19+00:00 qculCXMO waveguide-err INFO   /nix/store/nqmdy2alh1fzsxjdi7nd79ymxq01w2jq-distributive-0.5.3-doc
2019-02-16T11:53:19+00:00 qculCXMO waveguide-err INFO   /nix/store/nv0422mhkivf7zi7d1j9i0p99kfsrsf6-uuid-types-1.0.3-doc
2019-02-16T11:53:19+00:00 qculCXMO waveguide-err INFO   /nix/store/p6xiamfp748y1j4kkdjilq66xdv7410g-profunctors-5.2.1-doc
2019-02-16T11:53:19+00:00 qculCXMO waveguide-err INFO   /nix/store/pgj8caijnbq87qj8scmp71vc2kkk3639-integer-logarithms-1.0.2-doc
2019-02-16T11:53:19+00:00 qculCXMO waveguide-err INFO   /nix/store/pqdjphs6jsajn1xa10qs5hw70q412iih-QuickCheck-2.9.2
2019-02-16T11:53:19+00:00 qculCXMO waveguide-err INFO   /nix/store/q4kmxh5i3sqnk6f2i2vajylh2y5j3rn5-bifunctors-5.4.2-doc
2019-02-16T11:53:19+00:00 qculCXMO waveguide-err INFO   /nix/store/r197kzljhwh9ammh4j4i06v8pwqigs0k-stm-2.4.4.1-doc
2019-02-16T11:53:19+00:00 qculCXMO waveguide-err INFO   /nix/store/rbizg45xj107i37d3y4hfqp7hm3v6iiq-scientific-0.3.5.2
2019-02-16T11:53:19+00:00 qculCXMO waveguide-err INFO   /nix/store/rxaclc3vhxbzgfllv7601i85z854h48a-gmp-6.1.2
2019-02-16T11:53:19+00:00 qculCXMO waveguide-err INFO   /nix/store/v6imb28bjr0bfa4ajkhv830mns4hlp3l-old-locale-1.0.0.7-doc
2019-02-16T11:53:19+00:00 qculCXMO waveguide-err INFO   /nix/store/vv4r320p5yd1k01kld62q1lppjxcswhb-gcc-7.3.0
2019-02-16T11:53:19+00:00 qculCXMO waveguide-err INFO   /nix/store/w7z4jmrmv0z2q1zsqqaax2yv56rly661-ghc-8.0.2
2019-02-16T11:53:19+00:00 qculCXMO waveguide-err INFO   /nix/store/x4n2gl488ir336hd5nq992fldx7yikfg-linux-headers-4.15
2019-02-16T11:53:19+00:00 qculCXMO waveguide-err INFO   /nix/store/x9bqpxlrsrccy353zlk8g2xb892c1wc4-transformers-compat-0.5.1.4
2019-02-16T11:53:19+00:00 qculCXMO waveguide-err INFO   /nix/store/xad2bk5ji7g2gd0nxla1gf6lainrwpg9-mtl-2.2.1-doc
2019-02-16T11:53:19+00:00 qculCXMO waveguide-err INFO   /nix/store/xffp9b55lbk4236ryq6gq0xngdy8z1vp-tf-random-0.5-doc
2019-02-16T11:53:19+00:00 qculCXMO waveguide-err INFO   /nix/store/xj09g18jji5k9m6ypv225i7pws8z6qpb-setenv-0.1.1.3
2019-02-16T11:53:19+00:00 qculCXMO waveguide-err INFO   /nix/store/xq8ycrzmwycb79vzmsicflrii1a3yx0q-vector-0.12.0.1-doc
2019-02-16T11:53:19+00:00 qculCXMO waveguide-err INFO   /nix/store/yl8cnip6n1rw0sciy7mmpdpy8bh3pc4y-bifunctors-5.4.2
2019-02-16T11:53:19+00:00 qculCXMO waveguide-err INFO   /nix/store/ynb9h0q59ykdpmsn5m2qrkmnq1p683wr-expand-response-params
2019-02-16T11:53:19+00:00 qculCXMO waveguide-err INFO   /nix/store/za8azzs5qc52fn7mq4n7hrqjdq59pznz-stm-2.4.4.1
2019-02-16T11:53:19+00:00 qculCXMO waveguide-err INFO   /nix/store/zc0rkda55mjvvw9pjy4najvxk83691pj-setenv-0.1.1.3-doc
2019-02-16T11:53:19+00:00 qculCXMO waveguide-err INFO   /nix/store/zsidl3wv7nlk7bkd6qmaazrhi8n7sq3f-aeson-1.1.2.0-doc
2019-02-16T11:53:19+00:00 qculCXMO waveguide-err INFO   /nix/store/zxbfcrn4vj6wnkvyjpgv5mr1xsdz79m7-distributive-0.5.3
2019-02-16T11:53:19+00:00 qculCXMO waveguide-err INFO copying path '/nix/store/5mzn2zld2rzzyazg8wxpjs50rsa32nnf-ncurses-6.1-man' from 'https://0.entrypoint.co/cache'...
2019-02-16T11:53:19+00:00 qculCXMO waveguide-err INFO copying path '/nix/store/h0lbngpv6ln56hjj59i6l77vxq25flbz-binutils-2.30' from 'https://0.entrypoint.co/cache'...
2019-02-16T11:53:19+00:00 qculCXMO waveguide-err INFO copying path '/nix/store/ynb9h0q59ykdpmsn5m2qrkmnq1p683wr-expand-response-params' from 'https://0.entrypoint.co/cache'...
2019-02-16T11:53:19+00:00 qculCXMO waveguide-err INFO copying path '/nix/store/6pv5g29ijpbx4fya0d5zss6hkjki6576-ghc-8.0.2-doc' from 'https://0.entrypoint.co/cache'...
2019-02-16T11:53:19+00:00 qculCXMO waveguide-err INFO copying path '/nix/store/5hir9w0mnrw86yv7sf4qghsard0ccwl1-glibc-2.27-bin' from 'https://0.entrypoint.co/cache'...
2019-02-16T11:53:19+00:00 qculCXMO waveguide-err INFO copying path '/nix/store/2hsqkhzx52sifh7365fjj91fvi161mpy-HUnit-1.5.0.0-doc' from 'https://0.entrypoint.co/cache'...
2019-02-16T11:53:19+00:00 qculCXMO waveguide-err INFO copying path '/nix/store/cpdwppzg6pra32wbafnqymhzfjf960da-StateVar-1.1.0.4-doc' from 'https://0.entrypoint.co/cache'...
2019-02-16T11:53:19+00:00 qculCXMO waveguide-err INFO copying path '/nix/store/mifhp9baq9yvvwf3xnq3nlc9m65dhzlc-base-compat-0.9.3-doc' from 'https://0.entrypoint.co/cache'...
2019-02-16T11:53:19+00:00 qculCXMO waveguide-err INFO copying path '/nix/store/f100a401v2ps4ik1nhk72bzbvwz7p2xr-base-orphans-0.6-doc' from 'https://0.entrypoint.co/cache'...
2019-02-16T11:53:19+00:00 qculCXMO waveguide-err INFO copying path '/nix/store/h8gjl8zb9lad6jj6lkl1j6v5bgdsmqn9-call-stack-0.1.0-doc' from 'https://0.entrypoint.co/cache'...
2019-02-16T11:53:19+00:00 qculCXMO waveguide-err INFO copying path '/nix/store/129kyvm7n36qv2ss5pl10ns8zjpplads-clock-0.7.2-doc' from 'https://0.entrypoint.co/cache'...
2019-02-16T11:53:19+00:00 qculCXMO waveguide-err INFO copying path '/nix/store/b9a9fks5wkal371k999ha5hqkdlr06k5-contravariant-1.4-doc' from 'https://0.entrypoint.co/cache'...
2019-02-16T11:53:19+00:00 qculCXMO waveguide-err INFO copying path '/nix/store/dvj0kh28l36vzr6ff3381by7y600z6qm-dlist-0.8.0.3-doc' from 'https://0.entrypoint.co/cache'...
2019-02-16T11:53:19+00:00 qculCXMO waveguide-err INFO copying path '/nix/store/rxaclc3vhxbzgfllv7601i85z854h48a-gmp-6.1.2' from 'https://0.entrypoint.co/cache'...
2019-02-16T11:53:19+00:00 qculCXMO waveguide-err INFO copying path '/nix/store/pgj8caijnbq87qj8scmp71vc2kkk3639-integer-logarithms-1.0.2-doc' from 'https://0.entrypoint.co/cache'...
2019-02-16T11:53:19+00:00 qculCXMO waveguide-err INFO copying path '/nix/store/ipba8r4418ls0j55p5y5gi4zmg2kna5n-gmp-6.1.2-dev' from 'https://0.entrypoint.co/cache'...
2019-02-16T11:53:19+00:00 qculCXMO waveguide-err INFO copying path '/nix/store/x4n2gl488ir336hd5nq992fldx7yikfg-linux-headers-4.15' from 'https://0.entrypoint.co/cache'...
2019-02-16T11:53:19+00:00 qculCXMO waveguide-err INFO copying path '/nix/store/xad2bk5ji7g2gd0nxla1gf6lainrwpg9-mtl-2.2.1-doc' from 'https://0.entrypoint.co/cache'...
2019-02-16T11:53:19+00:00 qculCXMO waveguide-err INFO copying path '/nix/store/akak0rxhbi4n87z3nx78ipv76frvj841-glibc-2.27-dev' from 'https://0.entrypoint.co/cache'...
2019-02-16T11:53:19+00:00 qculCXMO waveguide-err INFO copying path '/nix/store/56vipqhk1g32xz9ybn0hzcsz515g3f3c-exceptions-0.8.3-doc' from 'https://0.entrypoint.co/cache'...
2019-02-16T11:53:19+00:00 qculCXMO waveguide-err INFO copying path '/nix/store/6yz7851vibc1xjxpiyfzqqi2ksbv6qah-binutils-wrapper-2.30' from 'https://0.entrypoint.co/cache'...
2019-02-16T11:53:19+00:00 qculCXMO waveguide-err INFO copying path '/nix/store/vv4r320p5yd1k01kld62q1lppjxcswhb-gcc-7.3.0' from 'https://0.entrypoint.co/cache'...
2019-02-16T11:53:19+00:00 qculCXMO waveguide-err INFO copying path '/nix/store/n5a8v7vz4vv054vdigc5bl5qlm4ja8wy-ncurses-6.1-dev' from 'https://0.entrypoint.co/cache'...
2019-02-16T11:53:19+00:00 qculCXMO waveguide-err INFO copying path '/nix/store/iw94llkj05wgaz268mlzvgx8jkbi1ss0-gcc-wrapper-7.3.0' from 'https://0.entrypoint.co/cache'...
2019-02-16T11:53:19+00:00 qculCXMO waveguide-err INFO copying path '/nix/store/v6imb28bjr0bfa4ajkhv830mns4hlp3l-old-locale-1.0.0.7-doc' from 'https://0.entrypoint.co/cache'...
2019-02-16T11:53:19+00:00 qculCXMO waveguide-err INFO copying path '/nix/store/w7z4jmrmv0z2q1zsqqaax2yv56rly661-ghc-8.0.2' from 'https://0.entrypoint.co/cache'...
2019-02-16T11:53:19+00:00 qculCXMO waveguide-err INFO copying path '/nix/store/l3dwfjffvdgvrr63n9w5976acjckm1iy-old-time-1.1.0.3-doc' from 'https://0.entrypoint.co/cache'...
2019-02-16T11:53:19+00:00 qculCXMO waveguide-err INFO copying path '/nix/store/gy38nw4i5i9x6i4fq5w5z6ln94igix3n-base-compat-0.9.3' from 'https://0.entrypoint.co/cache'...
2019-02-16T11:53:19+00:00 qculCXMO waveguide-err INFO copying path '/nix/store/iv39qfbr97jlbhgn28fl8jfv4sc48r8g-base-orphans-0.6' from 'https://0.entrypoint.co/cache'...
2019-02-16T11:53:19+00:00 qculCXMO waveguide-err INFO copying path '/nix/store/kzyjmrvk4ayzaj144z0acljznv6g84c9-call-stack-0.1.0' from 'https://0.entrypoint.co/cache'...
2019-02-16T11:53:19+00:00 qculCXMO waveguide-err INFO copying path '/nix/store/cnyksaj18r24vvpyr7fvc040q2wx6kqc-clock-0.7.2' from 'https://0.entrypoint.co/cache'...
2019-02-16T11:53:19+00:00 qculCXMO waveguide-err INFO copying path '/nix/store/7wd8459h3spg64b2jskhyllzqr22wa2s-HUnit-1.5.0.0' from 'https://0.entrypoint.co/cache'...
2019-02-16T11:53:19+00:00 qculCXMO waveguide-err INFO copying path '/nix/store/kz0x220p8rynivxy8wp15a5b2gylmqhf-dlist-0.8.0.3' from 'https://0.entrypoint.co/cache'...
2019-02-16T11:53:19+00:00 qculCXMO waveguide-err INFO copying path '/nix/store/ljmwpqjplsyhag5dyg15ivbs51gawml6-integer-logarithms-1.0.2' from 'https://0.entrypoint.co/cache'...
2019-02-16T11:53:19+00:00 qculCXMO waveguide-err INFO copying path '/nix/store/iik8arx9vgrrdgqw63xw5jgmm9w8xvfg-mtl-2.2.1' from 'https://0.entrypoint.co/cache'...
2019-02-16T11:53:19+00:00 qculCXMO waveguide-err INFO copying path '/nix/store/ly7j1r2f8hib3gc0nmky27is7v4bkm54-old-locale-1.0.0.7' from 'https://0.entrypoint.co/cache'...
2019-02-16T11:53:19+00:00 qculCXMO waveguide-err INFO copying path '/nix/store/235d0s43y59z6mji3hbi71v30fb8fz3s-primitive-0.6.2.0-doc' from 'https://0.entrypoint.co/cache'...
2019-02-16T11:53:19+00:00 qculCXMO waveguide-err INFO copying path '/nix/store/j346xxhh8sx9fzj3zg9qllgk7bvl7w1q-old-time-1.1.0.3' from 'https://0.entrypoint.co/cache'...
2019-02-16T11:53:19+00:00 qculCXMO waveguide-err INFO copying path '/nix/store/20ps2w82pbbh4y9b1yhrdzmgyc9yipxm-primitive-0.6.2.0' from 'https://0.entrypoint.co/cache'...
2019-02-16T11:53:19+00:00 qculCXMO waveguide-err INFO copying path '/nix/store/ibdczlpwrpjgd54y9sz9km0zvi08mvxm-random-1.1-doc' from 'https://0.entrypoint.co/cache'...
2019-02-16T11:53:19+00:00 qculCXMO waveguide-err INFO copying path '/nix/store/7dpsffxyyl9bq0r0wwvx5zixrwqv33wx-semigroups-0.18.3-doc' from 'https://0.entrypoint.co/cache'...
2019-02-16T11:53:19+00:00 qculCXMO waveguide-err INFO copying path '/nix/store/gnql49fsqnhlfq81han53ad1zbsda30l-random-1.1' from 'https://0.entrypoint.co/cache'...
2019-02-16T11:53:19+00:00 qculCXMO waveguide-err INFO copying path '/nix/store/iwkrd22f20p2mw2qh4aan4f3qxc04x2c-semigroups-0.18.3' from 'https://0.entrypoint.co/cache'...
2019-02-16T11:53:19+00:00 qculCXMO waveguide-err INFO copying path '/nix/store/zc0rkda55mjvvw9pjy4najvxk83691pj-setenv-0.1.1.3-doc' from 'https://0.entrypoint.co/cache'...
2019-02-16T11:53:19+00:00 qculCXMO waveguide-err INFO copying path '/nix/store/r197kzljhwh9ammh4j4i06v8pwqigs0k-stm-2.4.4.1-doc' from 'https://0.entrypoint.co/cache'...
2019-02-16T11:53:19+00:00 qculCXMO waveguide-err INFO copying path '/nix/store/xj09g18jji5k9m6ypv225i7pws8z6qpb-setenv-0.1.1.3' from 'https://0.entrypoint.co/cache'...
2019-02-16T11:53:19+00:00 qculCXMO waveguide-err INFO copying path '/nix/store/za8azzs5qc52fn7mq4n7hrqjdq59pznz-stm-2.4.4.1' from 'https://0.entrypoint.co/cache'...
2019-02-16T11:53:19+00:00 qculCXMO waveguide-err INFO copying path '/nix/store/lys9zgga5mni3jnn5scybjrrdancfgr8-tagged-0.8.5-doc' from 'https://0.entrypoint.co/cache'...
2019-02-16T11:53:19+00:00 qculCXMO waveguide-err INFO copying path '/nix/store/akx1375hq2819x3d5rz93gimnc606423-StateVar-1.1.0.4' from 'https://0.entrypoint.co/cache'...
2019-02-16T11:53:19+00:00 qculCXMO waveguide-err INFO copying path '/nix/store/nqmdy2alh1fzsxjdi7nd79ymxq01w2jq-distributive-0.5.3-doc' from 'https://0.entrypoint.co/cache'...
2019-02-16T11:53:19+00:00 qculCXMO waveguide-err INFO copying path '/nix/store/5c339k3s0rmg2h2ljmmsrgwsql63ckb9-text-1.2.2.2-doc' from 'https://0.entrypoint.co/cache'...
2019-02-16T11:53:19+00:00 qculCXMO waveguide-err INFO copying path '/nix/store/kqg9ba9lwmndpk8gzklf8pb6nyf19rp0-comonad-5.0.2-doc' from 'https://0.entrypoint.co/cache'...
2019-02-16T11:53:19+00:00 qculCXMO waveguide-err INFO copying path '/nix/store/1rng34mx09svsj04jk1lpmffzawyb8qn-hashable-1.2.6.1-doc' from 'https://0.entrypoint.co/cache'...
2019-02-16T11:53:19+00:00 qculCXMO waveguide-err INFO copying path '/nix/store/q4kmxh5i3sqnk6f2i2vajylh2y5j3rn5-bifunctors-5.4.2-doc' from 'https://0.entrypoint.co/cache'...
2019-02-16T11:53:19+00:00 qculCXMO waveguide-err INFO copying path '/nix/store/3spl2pcd17hah9wlgfqcr808rs13cw2s-scientific-0.3.5.2-doc' from 'https://0.entrypoint.co/cache'...
2019-02-16T11:53:19+00:00 qculCXMO waveguide-err INFO copying path '/nix/store/p6xiamfp748y1j4kkdjilq66xdv7410g-profunctors-5.2.1-doc' from 'https://0.entrypoint.co/cache'...
2019-02-16T11:53:19+00:00 qculCXMO waveguide-err INFO copying path '/nix/store/19l903q9llkr3jr244795x1bkz9qwf66-attoparsec-0.13.1.0-doc' from 'https://0.entrypoint.co/cache'...
2019-02-16T11:53:19+00:00 qculCXMO waveguide-err INFO copying path '/nix/store/7m4rr7qn2f64qhbr6n74p80cpg3xhk8b-text-1.2.2.2' from 'https://0.entrypoint.co/cache'...
2019-02-16T11:53:19+00:00 qculCXMO waveguide-err INFO copying path '/nix/store/xffp9b55lbk4236ryq6gq0xngdy8z1vp-tf-random-0.5-doc' from 'https://0.entrypoint.co/cache'...
2019-02-16T11:53:19+00:00 qculCXMO waveguide-err INFO copying path '/nix/store/lbdy1dkv6kf4a7y8iz5vpdhdsi8w1i6y-hashable-1.2.6.1' from 'https://0.entrypoint.co/cache'...
2019-02-16T11:53:19+00:00 qculCXMO waveguide-err INFO copying path '/nix/store/k10wxk3y87l0lmill52rxs5khvph24s4-QuickCheck-2.9.2-doc' from 'https://0.entrypoint.co/cache'...
2019-02-16T11:53:19+00:00 qculCXMO waveguide-err INFO copying path '/nix/store/rbizg45xj107i37d3y4hfqp7hm3v6iiq-scientific-0.3.5.2' from 'https://0.entrypoint.co/cache'...
2019-02-16T11:53:19+00:00 qculCXMO waveguide-err INFO copying path '/nix/store/m5pvf4jwf6cm532hbc8i8h7r4wky77hi-tf-random-0.5' from 'https://0.entrypoint.co/cache'...
2019-02-16T11:53:19+00:00 qculCXMO waveguide-err INFO copying path '/nix/store/00274xc3h4jl9ksxi584g6d0vq2r41ya-attoparsec-0.13.1.0' from 'https://0.entrypoint.co/cache'...
2019-02-16T11:53:19+00:00 qculCXMO waveguide-err INFO copying path '/nix/store/pqdjphs6jsajn1xa10qs5hw70q412iih-QuickCheck-2.9.2' from 'https://0.entrypoint.co/cache'...
2019-02-16T11:53:19+00:00 qculCXMO waveguide-err INFO copying path '/nix/store/f7vckxdcr269pwdwja7my710p7iilrr2-time-locale-compat-0.1.1.3-doc' from 'https://0.entrypoint.co/cache'...
2019-02-16T11:53:19+00:00 qculCXMO waveguide-err INFO copying path '/nix/store/i17vnpd9w05wkf4wh2cqhf2nl5lpy4pq-transformers-compat-0.5.1.4-doc' from 'https://0.entrypoint.co/cache'...
2019-02-16T11:53:19+00:00 qculCXMO waveguide-err INFO copying path '/nix/store/grbb1kzrwgywxwnzwjdwld7n1x9ypiw5-time-locale-compat-0.1.1.3' from 'https://0.entrypoint.co/cache'...
2019-02-16T11:53:19+00:00 qculCXMO waveguide-err INFO copying path '/nix/store/x9bqpxlrsrccy353zlk8g2xb892c1wc4-transformers-compat-0.5.1.4' from 'https://0.entrypoint.co/cache'...
2019-02-16T11:53:19+00:00 qculCXMO waveguide-err INFO copying path '/nix/store/12cn7rwf77m2r8dvvr2qmplh1fyzq5i2-unix-compat-0.4.3.1-doc' from 'https://0.entrypoint.co/cache'...
2019-02-16T11:53:19+00:00 qculCXMO waveguide-err INFO copying path '/nix/store/i973d0nwz5z306vz08wcayvs6ks3aas2-exceptions-0.8.3' from 'https://0.entrypoint.co/cache'...
2019-02-16T11:53:19+00:00 qculCXMO waveguide-err INFO copying path '/nix/store/1yps1dm7jixy5cpd53bvl95myrw4w44p-tagged-0.8.5' from 'https://0.entrypoint.co/cache'...
2019-02-16T11:53:19+00:00 qculCXMO waveguide-err INFO copying path '/nix/store/jd3mxlqzrq0aaym9qx59lbfklj42kz0l-unix-compat-0.4.3.1' from 'https://0.entrypoint.co/cache'...
2019-02-16T11:53:19+00:00 qculCXMO waveguide-err INFO copying path '/nix/store/zxbfcrn4vj6wnkvyjpgv5mr1xsdz79m7-distributive-0.5.3' from 'https://0.entrypoint.co/cache'...
2019-02-16T11:53:19+00:00 qculCXMO waveguide-err INFO copying path '/nix/store/1nbxcgdrycx0kb5wh7zcfzszh91vgwzi-unordered-containers-0.2.8.0-doc' from 'https://0.entrypoint.co/cache'...
2019-02-16T11:53:19+00:00 qculCXMO waveguide-err INFO copying path '/nix/store/nv0422mhkivf7zi7d1j9i0p99kfsrsf6-uuid-types-1.0.3-doc' from 'https://0.entrypoint.co/cache'...
2019-02-16T11:53:19+00:00 qculCXMO waveguide-err INFO copying path '/nix/store/21yhr75pwlj40iklixp9w3718bi49fff-unordered-containers-0.2.8.0' from 'https://0.entrypoint.co/cache'...
2019-02-16T11:53:19+00:00 qculCXMO waveguide-err INFO copying path '/nix/store/5h8srq5kw1f1mkym624h4xl29kgbnppf-uuid-types-1.0.3' from 'https://0.entrypoint.co/cache'...
2019-02-16T11:53:19+00:00 qculCXMO waveguide-err INFO copying path '/nix/store/xq8ycrzmwycb79vzmsicflrii1a3yx0q-vector-0.12.0.1-doc' from 'https://0.entrypoint.co/cache'...
2019-02-16T11:53:19+00:00 qculCXMO waveguide-err INFO copying path '/nix/store/glqp24fz3zg5b5n82wbpqwppj78xlvy0-void-0.7.2-doc' from 'https://0.entrypoint.co/cache'...
2019-02-16T11:53:19+00:00 qculCXMO waveguide-err INFO copying path '/nix/store/zsidl3wv7nlk7bkd6qmaazrhi8n7sq3f-aeson-1.1.2.0-doc' from 'https://0.entrypoint.co/cache'...
2019-02-16T11:53:19+00:00 qculCXMO waveguide-err INFO copying path '/nix/store/bvag6rq8jvzcglnc6b7kcrgcnvkskd3i-math-functions-0.2.1.0-doc' from 'https://0.entrypoint.co/cache'...
2019-02-16T11:53:19+00:00 qculCXMO waveguide-err INFO copying path '/nix/store/0fk4d2c044l5ahjfn5qn7sc6w4bpdlh3-mwc-random-0.13.6.0-doc' from 'https://0.entrypoint.co/cache'...
2019-02-16T11:53:19+00:00 qculCXMO waveguide-err INFO copying path '/nix/store/0an59vs12qzwl0ar4rr1zyqzalynqpsh-vector-0.12.0.1' from 'https://0.entrypoint.co/cache'...
2019-02-16T11:53:19+00:00 qculCXMO waveguide-err INFO preallocating file of 39120284 bytes: No space left on device
2019-02-16T11:53:19+00:00 qculCXMO waveguide-err INFO copying path '/nix/store/5rcsfig09lm31acla99ac8dkl27dfqhz-vector-th-unbox-0.2.1.6-doc' from 'https://0.entrypoint.co/cache'...
2019-02-16T11:53:19+00:00 qculCXMO waveguide-err INFO copying path '/nix/store/f8aypljsn0dwwnqz2wyd9xjji59vxmf8-void-0.7.2' from 'https://0.entrypoint.co/cache'...
2019-02-16T11:53:19+00:00 qculCXMO waveguide-err INFO cannot build derivation '/nix/store/74af6z5znhlai6lir35qsc2hkkzv1idh-foldl-1.2.5.drv': 1 dependencies couldn't be built
2019-02-16T11:53:19+00:00 qculCXMO waveguide-err INFO cannot build derivation '/nix/store/xgxqyk0mm1kvl03pi4iyd17p3v2fg8y9-thyme-0.3.5.5.drv': 1 dependencies couldn't be built
2019-02-16T11:53:19+00:00 qculCXMO waveguide-err INFO copying path '/nix/store/dhrcg5drmihd0s4cmavg4dj5x9h628xm-zlib-1.2.11-dev' from 'https://0.entrypoint.co/cache'...
2019-02-16T11:53:19+00:00 qculCXMO waveguide-err INFO cannot build derivation '/nix/store/ma9aygnifkv93a7b7d74rp5fpjv4jas7-waveguide-0.0.0.drv': 1 dependencies couldn't be built
2019-02-16T11:53:19+00:00 qculCXMO waveguide-err INFO error: build of '/nix/store/ma9aygnifkv93a7b7d74rp5fpjv4jas7-waveguide-0.0.0.drv' failed
2019-02-16T11:54:30+00:00 qculCXMO waveguide-usr INFO Running command du -hs /nix/store...
2019-02-16T11:54:30+00:00 qculCXMO waveguide-out INFO 2.8G	/nix/store
2019-02-16T11:54:32+00:00 qculCXMO waveguide-usr INFO Running command nix run -f /nix/store/4z63d5jj4fg2dyvm90667c92g00mlgdw-waveguide-f930189/release.nix waveguide -c waveguide...
2019-02-16T11:54:32+00:00 qculCXMO waveguide-err INFO error: writing to file: No space left on device
2019-02-16T11:54:32+00:00 qculCXMO waveguide-err INFO (use '--show-trace' to show detailed location information)
2019-02-16T11:54:33+00:00 qculCXMO waveguide-usr INFO Run complete.
2019-02-16T11:54:33+00:00 qculCXMO waveguide-usr INFO Received signal EXIT.
