2019-02-16T10:50:45+00:00 kJaCo7cT waveguide-roo INFO Waveguide run number: 285.
2019-02-16T10:50:45+00:00 kJaCo7cT waveguide-roo INFO Working directory: /tmp/waveguide-anrA
2019-02-16T10:50:45+00:00 kJaCo7cT waveguide-roo INFO Nix install script verison: https://0.entrypoint.co/scripts/hypered-nix-2.1.1-install.sh.
2019-02-16T10:50:45+00:00 kJaCo7cT waveguide-roo INFO Nix nixpkgs tarball: https://0.entrypoint.co/git/nixpkgs/archive/e9d4bab04458cd03cb9029d2d571c37cc017ffdc.tar.gz.
2019-02-16T10:50:45+00:00 kJaCo7cT waveguide-roo INFO Nix cache: https://0.entrypoint.co/cache.
2019-02-16T10:50:45+00:00 kJaCo7cT waveguide-roo INFO Repository URL: https://0.entrypoint.co/git/waveguide.git.
2019-02-16T10:50:45+00:00 kJaCo7cT waveguide-roo INFO Revision: 3e5edace881a703b27a938abbe6532be3a03837d.
2019-02-16T10:50:45+00:00 kJaCo7cT waveguide-roo INFO Creating north user...
2019-02-16T10:50:45+00:00 kJaCo7cT waveguide-roo INFO Extracting payload tarball...
2019-02-16T10:50:45+00:00 kJaCo7cT waveguide-roo INFO Copying SSH deploy keys...
2019-02-16T10:50:45+00:00 kJaCo7cT waveguide-roo INFO Creating Nix directories...
2019-02-16T10:50:45+00:00 kJaCo7cT waveguide-roo INFO cURL and Git already installed.
2019-02-16T10:50:45+00:00 kJaCo7cT waveguide-roo INFO Exec'ing the user script...
2019-02-16T10:50:45+00:00 kJaCo7cT waveguide-usr INFO Running user script...
2019-02-16T10:50:45+00:00 kJaCo7cT waveguide-usr INFO Installing Nix...
2019-02-16T10:50:45+00:00 kJaCo7cT waveguide-usr INFO Running command curl -s https://0.entrypoint.co/scripts/hypered-nix-2.1.1-install.sh -o /home/north/install-nix.sh...
2019-02-16T10:50:45+00:00 kJaCo7cT waveguide-usr INFO Running command /home/north/install-nix.sh...
2019-02-16T10:50:45+00:00 kJaCo7cT waveguide-out INFO Creating temporary directory...
2019-02-16T10:50:45+00:00 kJaCo7cT waveguide-out INFO Temporary directory is /tmp/nix-binary-tarball-unpack.sqkn20bU7m.
2019-02-16T10:50:45+00:00 kJaCo7cT waveguide-out INFO Downloading Nix 2.1.1 binary tarball for x86_64-linux from 'https://0.entrypoint.co/scripts/nix-2.1.1-x86_64-linux.tar.bz2' to '/tmp/nix-binary-tarball-unpack.sqkn20bU7m'...
2019-02-16T10:50:45+00:00 kJaCo7cT waveguide-out INFO Copying Nix to /nix/store................................
2019-02-16T10:50:45+00:00 kJaCo7cT waveguide-out INFO Initialising Nix database...
2019-02-16T10:50:45+00:00 kJaCo7cT waveguide-out INFO Nix is /nix/store/h180y3n5k1ypxgm1pcvj243qix5j45zz-nix-2.1.1.
2019-02-16T10:50:45+00:00 kJaCo7cT waveguide-out INFO Sourcing this might be good: /nix/store/h180y3n5k1ypxgm1pcvj243qix5j45zz-nix-2.1.1/etc/profile.d/nix.sh
2019-02-16T10:50:45+00:00 kJaCo7cT waveguide-out INFO Removing temporary directory...
2019-02-16T10:50:48+00:00 kJaCo7cT waveguide-usr INFO Adding /nix/store/h180y3n5k1ypxgm1pcvj243qix5j45zz-nix-2.1.1/bin/ to $PATH...
2019-02-16T10:50:48+00:00 kJaCo7cT waveguide-usr INFO Running command nix --version...
2019-02-16T10:50:48+00:00 kJaCo7cT waveguide-out INFO nix (Nix) 2.1.1
2019-02-16T10:50:48+00:00 kJaCo7cT waveguide-usr INFO Configuring cache...
2019-02-16T10:50:48+00:00 kJaCo7cT waveguide-usr INFO Running command du -hs /nix/store...
2019-02-16T10:50:48+00:00 kJaCo7cT waveguide-out INFO 71M	/nix/store
unpacking...
2019-02-16T10:50:53+00:00 kJaCo7cT waveguide-usr INFO Setting default nixpkgs to /nix/store/10hfqdpwm466rw4jbh6701r6549hfpyn-e9d4bab04458cd03cb9029d2d571c37cc017ffdc.tar.gz.
2019-02-16T10:50:53+00:00 kJaCo7cT waveguide-usr INFO Installing nix-prefetch-git...
2019-02-16T10:50:53+00:00 kJaCo7cT waveguide-usr INFO Running command nix-build --no-out-link /nix/store/n59dnqwb929n1bsacg7swahxq041rrzw-nix-prefetch-git.drv...
2019-02-16T10:50:53+00:00 kJaCo7cT waveguide-err INFO these paths will be fetched (44.55 MiB download, 237.78 MiB unpacked):
2019-02-16T10:50:53+00:00 kJaCo7cT waveguide-err INFO   /nix/store/0vlylwah7cyzjxzyiilwhwsdk3m07zll-perl5.28.0-HTTP-Cookies-6.04
2019-02-16T10:50:53+00:00 kJaCo7cT waveguide-err INFO   /nix/store/0w7rvnby6sk6srxlr52jgzfn5mcpdmlb-nix-prefetch-git
2019-02-16T10:50:53+00:00 kJaCo7cT waveguide-err INFO   /nix/store/10lh4y4japz71ilb0yidzc9s5krhadnw-db-4.8.30
2019-02-16T10:50:53+00:00 kJaCo7cT waveguide-err INFO   /nix/store/1iih7pgc7krhis13zaq8ajdcb2hd10d9-bzip2-1.0.6.0.1-bin
2019-02-16T10:50:53+00:00 kJaCo7cT waveguide-err INFO   /nix/store/1kk3vawy29wy3xlh8rp0nlhsrjc4gp51-keyutils-1.5.10-lib
2019-02-16T10:50:53+00:00 kJaCo7cT waveguide-err INFO   /nix/store/1qchjvq5159laayjf35jrldabpbkyzvi-perl5.28.0-HTTP-Negotiate-6.01
2019-02-16T10:50:53+00:00 kJaCo7cT waveguide-err INFO   /nix/store/26lgqf0ja6rx8dnz972a3f56vfxmmmv5-xz-5.2.4-bin
2019-02-16T10:50:53+00:00 kJaCo7cT waveguide-err INFO   /nix/store/2plv4r5pkgh4p7443ahii1da2386rgzj-nix-2.1-man
2019-02-16T10:50:53+00:00 kJaCo7cT waveguide-err INFO   /nix/store/32ayyxv62j400sim448lg1z73fnwlqmq-gettext-0.19.8.1
2019-02-16T10:50:53+00:00 kJaCo7cT waveguide-err INFO   /nix/store/3jg1sj3va3rmm4fhw5xkybq9q3v8wnyi-pcre-8.42
2019-02-16T10:50:53+00:00 kJaCo7cT waveguide-err INFO   /nix/store/574xmi6n0ys0qdxk9q2lh7fk5ipjsg85-libkrb5-1.15.2
2019-02-16T10:50:53+00:00 kJaCo7cT waveguide-err INFO   /nix/store/5mlwh46dzm5qhgrhbbpdr0j1f17d44hk-cracklib-2.9.6
2019-02-16T10:50:53+00:00 kJaCo7cT waveguide-err INFO   /nix/store/5xaqak91mbr89ppp4aj793yj6dhallrk-perl5.28.0-Net-HTTP-6.18
2019-02-16T10:50:53+00:00 kJaCo7cT waveguide-err INFO   /nix/store/6b6lzbq74g95j8qlbrdjzkn2ghh81mgy-python-2.7.15
2019-02-16T10:50:53+00:00 kJaCo7cT waveguide-err INFO   /nix/store/6fjzsx9yxp0amz0jj9ad3yq8l2ki07i0-perl5.28.0-HTTP-Message-6.18
2019-02-16T10:50:53+00:00 kJaCo7cT waveguide-err INFO   /nix/store/6v0w8pn91zqdm2ri7wgrlg3y16gqsbij-xz-5.2.4
2019-02-16T10:50:53+00:00 kJaCo7cT waveguide-err INFO   /nix/store/8ihiaxrw596zmk1358d59k1nn2fjwis9-perl5.28.0-Try-Tiny-0.30
2019-02-16T10:50:53+00:00 kJaCo7cT waveguide-err INFO   /nix/store/8scvyn7x647m3zm76a6cwj8pxlqzf9h1-perl5.28.0-IO-HTML-1.001
2019-02-16T10:50:53+00:00 kJaCo7cT waveguide-err INFO   /nix/store/92pyrnjf90wix80yzphv0z5fqilg88h5-sqlite-3.24.0
2019-02-16T10:50:53+00:00 kJaCo7cT waveguide-err INFO   /nix/store/9c9vryq51hlw0jr8ddk2yk1qvkaq0vl2-curl-7.61.0
2019-02-16T10:50:53+00:00 kJaCo7cT waveguide-err INFO   /nix/store/9f89z51na7w931aja8lqlmhqny9h16cj-gnugrep-3.1
2019-02-16T10:50:53+00:00 kJaCo7cT waveguide-err INFO   /nix/store/9kr8r78bwk12050ppywfbhg1vrsd6dp8-openssl-1.0.2p
2019-02-16T10:50:53+00:00 kJaCo7cT waveguide-err INFO   /nix/store/a9ixyvhskqiy1akzq1jvra45yk2yl11a-linux-pam-1.3.0
2019-02-16T10:50:53+00:00 kJaCo7cT waveguide-err INFO   /nix/store/ah3maq2wbgyqh2dnvzc854j2xi78x8zg-perl5.28.0-Test-Needs-0.002005
2019-02-16T10:50:53+00:00 kJaCo7cT waveguide-err INFO   /nix/store/ai3ym338mjq97sc4mr0sabfncklr5sjl-perl5.28.0-LWP-MediaTypes-6.02
2019-02-16T10:50:53+00:00 kJaCo7cT waveguide-err INFO   /nix/store/amfm19rwjpyak5f1bifiydmfbys2xpr0-perl5.28.0-WWW-RobotRules-6.02
2019-02-16T10:50:53+00:00 kJaCo7cT waveguide-err INFO   /nix/store/apgbaliyj751yjdp2ffrvbb5ckwclfl4-pcre2-10.31
2019-02-16T10:50:53+00:00 kJaCo7cT waveguide-err INFO   /nix/store/bv6znzsv2qkbcwwa251dx7n5dshz3nr3-zlib-1.2.11
2019-02-16T10:50:53+00:00 kJaCo7cT waveguide-err INFO   /nix/store/ckxz3c0nb7cm91p9x5m0nhcpkcrljwa2-perl5.28.0-Test-RequiresInternet-0.05
2019-02-16T10:50:53+00:00 kJaCo7cT waveguide-err INFO   /nix/store/czx8vkrb9jdgjyz8qfksh10vrnqa723l-bash-4.4-p23
2019-02-16T10:50:53+00:00 kJaCo7cT waveguide-err INFO   /nix/store/dmljw8i4cms287vbxxxgshn38b18ai2l-perl5.28.0-Encode-Locale-1.05
2019-02-16T10:50:53+00:00 kJaCo7cT waveguide-err INFO   /nix/store/dpfb3bisrpjaya93iiqy8xp99jjxss5x-perl5.28.0-HTML-Tagset-3.20
2019-02-16T10:50:53+00:00 kJaCo7cT waveguide-err INFO   /nix/store/dvkcysalycgsg3q8gqbd8vplag8kcy7d-libseccomp-2.3.3-lib
2019-02-16T10:50:53+00:00 kJaCo7cT waveguide-err INFO   /nix/store/fg4yq8i8wd08xg3fy58l6q73cjy8hjr2-glibc-2.27
2019-02-16T10:50:53+00:00 kJaCo7cT waveguide-err INFO   /nix/store/g5dlpwd44kd75i71nwzii8w4bp4inxwk-findutils-4.6.0
2019-02-16T10:50:53+00:00 kJaCo7cT waveguide-err INFO   /nix/store/g905249s0fxwixg28ljc4zby3cg67xiv-perl5.28.0-TermReadKey-2.37
2019-02-16T10:50:53+00:00 kJaCo7cT waveguide-err INFO   /nix/store/gzxckycv7v43aa1pf0manyva5p58nd4m-attr-2.4.47
2019-02-16T10:50:53+00:00 kJaCo7cT waveguide-err INFO   /nix/store/hk6j7xbv4i8jla585qd8axp3imp2nkfd-perl5.28.0-HTML-Parser-3.72
2019-02-16T10:50:53+00:00 kJaCo7cT waveguide-err INFO   /nix/store/ir8xfvrc777i875k3ygxjlf3ykj1nsgh-curl-7.59.0
2019-02-16T10:50:53+00:00 kJaCo7cT waveguide-err INFO   /nix/store/ix13jm9a1jfkcg1fs3skagyz4s1w77r6-gzip-1.9
2019-02-16T10:50:53+00:00 kJaCo7cT waveguide-err INFO   /nix/store/jp63h2k6qi885w19h9qz62g8kca0r74i-boehm-gc-7.6.6
2019-02-16T10:50:53+00:00 kJaCo7cT waveguide-err INFO   /nix/store/k97dv1k3fpsxcrrdqx79n1d72py1qssc-libssh2-1.8.0
2019-02-16T10:50:53+00:00 kJaCo7cT waveguide-err INFO   /nix/store/lxbaya2mzjc3xzbcsykrcbvcf5vxvfia-gnutar-1.30
2019-02-16T10:50:53+00:00 kJaCo7cT waveguide-err INFO   /nix/store/m00p6qg26z38l71p6qzs3q3rli038nzy-db-5.3.28
2019-02-16T10:50:53+00:00 kJaCo7cT waveguide-err INFO   /nix/store/mydwfxzk8bka4iwjml033dir6gkmqwic-openssh-7.7p1
2019-02-16T10:50:53+00:00 kJaCo7cT waveguide-err INFO   /nix/store/ny5p32137wfyzdm485xfdck21w1gyl3g-gnused-4.5
2019-02-16T10:50:53+00:00 kJaCo7cT waveguide-err INFO   /nix/store/p4hymrml64kr2xmv2dwv10cr6gkizrsq-perl5.28.0-libwww-perl-6.35
2019-02-16T10:50:53+00:00 kJaCo7cT waveguide-err INFO   /nix/store/q9ajsngf2w3r10dg7b1148wzq1avp4gj-perl-5.28.0
2019-02-16T10:50:53+00:00 kJaCo7cT waveguide-err INFO   /nix/store/qmrraik4xfwm7igq6c1l68salc0v2g23-gdbm-1.17
2019-02-16T10:50:53+00:00 kJaCo7cT waveguide-err INFO   /nix/store/r2ia0rfv30q4p5fq8n2jqywm7qqn2ns6-aws-sdk-cpp-1.5.17
2019-02-16T10:50:53+00:00 kJaCo7cT waveguide-err INFO   /nix/store/r4xdpciv6qrg3m8l9qas1j5vq6v3pdd7-expat-2.2.6
2019-02-16T10:50:53+00:00 kJaCo7cT waveguide-err INFO   /nix/store/r7gk5w5i5qq4j44aazl4dbmvjn5p8v1c-busybox-1.29.2
2019-02-16T10:50:53+00:00 kJaCo7cT waveguide-err INFO   /nix/store/s2n99784krxl91mfw3cnn9ylbb5fjvkx-ncurses-6.1
2019-02-16T10:50:53+00:00 kJaCo7cT waveguide-err INFO   /nix/store/shza3baza0x5mzblnglyr0a412g91bzf-libsodium-1.0.16
2019-02-16T10:50:53+00:00 kJaCo7cT waveguide-err INFO   /nix/store/vh4plgdn2r6cf3sg3c6qk442k30c6c81-perl5.28.0-Test-Fatal-0.014
2019-02-16T10:50:53+00:00 kJaCo7cT waveguide-err INFO   /nix/store/wj2dq821lvjn297nrwl53bzf6xcacj4g-brotli-1.0.5-lib
2019-02-16T10:50:53+00:00 kJaCo7cT waveguide-err INFO   /nix/store/wm8va53fh5158ipi0ic9gir64hrvqv1z-coreutils-8.29
2019-02-16T10:50:53+00:00 kJaCo7cT waveguide-err INFO   /nix/store/wwhp4klykgvd7xwl94izc8xxb9idf4wy-bzip2-1.0.6.0.1
2019-02-16T10:50:53+00:00 kJaCo7cT waveguide-err INFO   /nix/store/x1x3pqcim188r2a01a2sqhh0h6hz75rp-perl5.28.0-HTTP-Date-6.02
2019-02-16T10:50:53+00:00 kJaCo7cT waveguide-err INFO   /nix/store/xbnwfn8dslrmq9w39k3a52bdvigwqx23-acl-2.2.52
2019-02-16T10:50:53+00:00 kJaCo7cT waveguide-err INFO   /nix/store/xx66h292ncly0fd692dwm644avi6raip-libatomic_ops-7.6.4
2019-02-16T10:50:53+00:00 kJaCo7cT waveguide-err INFO   /nix/store/y05afh6w3gqlwvj34fdnziy0yw2v8sfm-libedit-20180525-3.1
2019-02-16T10:50:53+00:00 kJaCo7cT waveguide-err INFO   /nix/store/y4d49k3h652wdybg9dh85dsnkrpr2bzk-perl5.28.0-HTTP-Daemon-6.01
2019-02-16T10:50:53+00:00 kJaCo7cT waveguide-err INFO   /nix/store/yl12ga4svrrq7qmzyxhig2mmrf0wmql6-nix-2.1
2019-02-16T10:50:53+00:00 kJaCo7cT waveguide-err INFO   /nix/store/yypprmw8hrmvwyhhz23w8z25yjvdhnxb-git-2.18.0
2019-02-16T10:50:53+00:00 kJaCo7cT waveguide-err INFO   /nix/store/z2zhmrg6jcrn5iq2779mav0nnq4vm2q6-readline-6.3p08
2019-02-16T10:50:53+00:00 kJaCo7cT waveguide-err INFO   /nix/store/zaq0xrm4rawnn45js4a66i1var45nil2-perl5.28.0-URI-1.74
2019-02-16T10:50:53+00:00 kJaCo7cT waveguide-err INFO   /nix/store/zdadpaj5z8k9ifkgsc16yvfjn4wdv0r2-gawk-4.2.1
2019-02-16T10:50:53+00:00 kJaCo7cT waveguide-err INFO   /nix/store/zk5zj2307zxaq7dx585yia3dn5k4qlsl-gcc-7.3.0-lib
2019-02-16T10:50:53+00:00 kJaCo7cT waveguide-err INFO   /nix/store/zsglbnyb42fg0gyxrg6sm96phfj7ig4k-nghttp2-1.32.0-lib
2019-02-16T10:50:53+00:00 kJaCo7cT waveguide-err INFO   /nix/store/zz87zpxyj99r211iqy4829hh2b9ldwrb-perl5.28.0-File-Listing-6.04
2019-02-16T10:50:53+00:00 kJaCo7cT waveguide-err INFO copying path '/nix/store/r7gk5w5i5qq4j44aazl4dbmvjn5p8v1c-busybox-1.29.2' from 'https://0.entrypoint.co/cache'...
2019-02-16T10:50:53+00:00 kJaCo7cT waveguide-err INFO copying path '/nix/store/fg4yq8i8wd08xg3fy58l6q73cjy8hjr2-glibc-2.27' from 'https://0.entrypoint.co/cache'...
2019-02-16T10:50:53+00:00 kJaCo7cT waveguide-err INFO copying path '/nix/store/xx66h292ncly0fd692dwm644avi6raip-libatomic_ops-7.6.4' from 'https://0.entrypoint.co/cache'...
2019-02-16T10:50:53+00:00 kJaCo7cT waveguide-err INFO copying path '/nix/store/gzxckycv7v43aa1pf0manyva5p58nd4m-attr-2.4.47' from 'https://0.entrypoint.co/cache'...
2019-02-16T10:50:53+00:00 kJaCo7cT waveguide-err INFO copying path '/nix/store/czx8vkrb9jdgjyz8qfksh10vrnqa723l-bash-4.4-p23' from 'https://0.entrypoint.co/cache'...
2019-02-16T10:50:53+00:00 kJaCo7cT waveguide-err INFO copying path '/nix/store/xbnwfn8dslrmq9w39k3a52bdvigwqx23-acl-2.2.52' from 'https://0.entrypoint.co/cache'...
2019-02-16T10:50:53+00:00 kJaCo7cT waveguide-err INFO copying path '/nix/store/wj2dq821lvjn297nrwl53bzf6xcacj4g-brotli-1.0.5-lib' from 'https://0.entrypoint.co/cache'...
2019-02-16T10:50:53+00:00 kJaCo7cT waveguide-err INFO copying path '/nix/store/wwhp4klykgvd7xwl94izc8xxb9idf4wy-bzip2-1.0.6.0.1' from 'https://0.entrypoint.co/cache'...
2019-02-16T10:50:53+00:00 kJaCo7cT waveguide-err INFO copying path '/nix/store/wm8va53fh5158ipi0ic9gir64hrvqv1z-coreutils-8.29' from 'https://0.entrypoint.co/cache'...
2019-02-16T10:50:53+00:00 kJaCo7cT waveguide-err INFO copying path '/nix/store/1iih7pgc7krhis13zaq8ajdcb2hd10d9-bzip2-1.0.6.0.1-bin' from 'https://0.entrypoint.co/cache'...
2019-02-16T10:50:53+00:00 kJaCo7cT waveguide-err INFO copying path '/nix/store/r4xdpciv6qrg3m8l9qas1j5vq6v3pdd7-expat-2.2.6' from 'https://0.entrypoint.co/cache'...
2019-02-16T10:50:53+00:00 kJaCo7cT waveguide-err INFO copying path '/nix/store/g5dlpwd44kd75i71nwzii8w4bp4inxwk-findutils-4.6.0' from 'https://0.entrypoint.co/cache'...
2019-02-16T10:50:53+00:00 kJaCo7cT waveguide-err INFO copying path '/nix/store/zdadpaj5z8k9ifkgsc16yvfjn4wdv0r2-gawk-4.2.1' from 'https://0.entrypoint.co/cache'...
2019-02-16T10:50:53+00:00 kJaCo7cT waveguide-err INFO copying path '/nix/store/zk5zj2307zxaq7dx585yia3dn5k4qlsl-gcc-7.3.0-lib' from 'https://0.entrypoint.co/cache'...
2019-02-16T10:50:53+00:00 kJaCo7cT waveguide-err INFO copying path '/nix/store/qmrraik4xfwm7igq6c1l68salc0v2g23-gdbm-1.17' from 'https://0.entrypoint.co/cache'...
2019-02-16T10:50:53+00:00 kJaCo7cT waveguide-err INFO copying path '/nix/store/jp63h2k6qi885w19h9qz62g8kca0r74i-boehm-gc-7.6.6' from 'https://0.entrypoint.co/cache'...
2019-02-16T10:50:53+00:00 kJaCo7cT waveguide-err INFO copying path '/nix/store/10lh4y4japz71ilb0yidzc9s5krhadnw-db-4.8.30' from 'https://0.entrypoint.co/cache'...
2019-02-16T10:50:53+00:00 kJaCo7cT waveguide-err INFO copying path '/nix/store/m00p6qg26z38l71p6qzs3q3rli038nzy-db-5.3.28' from 'https://0.entrypoint.co/cache'...
2019-02-16T10:50:53+00:00 kJaCo7cT waveguide-err INFO copying path '/nix/store/32ayyxv62j400sim448lg1z73fnwlqmq-gettext-0.19.8.1' from 'https://0.entrypoint.co/cache'...
2019-02-16T10:50:53+00:00 kJaCo7cT waveguide-err INFO copying path '/nix/store/ny5p32137wfyzdm485xfdck21w1gyl3g-gnused-4.5' from 'https://0.entrypoint.co/cache'...
2019-02-16T10:50:53+00:00 kJaCo7cT waveguide-err INFO copying path '/nix/store/lxbaya2mzjc3xzbcsykrcbvcf5vxvfia-gnutar-1.30' from 'https://0.entrypoint.co/cache'...
2019-02-16T10:50:53+00:00 kJaCo7cT waveguide-err INFO copying path '/nix/store/ix13jm9a1jfkcg1fs3skagyz4s1w77r6-gzip-1.9' from 'https://0.entrypoint.co/cache'...
2019-02-16T10:50:53+00:00 kJaCo7cT waveguide-err INFO copying path '/nix/store/1kk3vawy29wy3xlh8rp0nlhsrjc4gp51-keyutils-1.5.10-lib' from 'https://0.entrypoint.co/cache'...
2019-02-16T10:50:53+00:00 kJaCo7cT waveguide-err INFO copying path '/nix/store/dvkcysalycgsg3q8gqbd8vplag8kcy7d-libseccomp-2.3.3-lib' from 'https://0.entrypoint.co/cache'...
2019-02-16T10:50:53+00:00 kJaCo7cT waveguide-err INFO copying path '/nix/store/574xmi6n0ys0qdxk9q2lh7fk5ipjsg85-libkrb5-1.15.2' from 'https://0.entrypoint.co/cache'...
2019-02-16T10:50:53+00:00 kJaCo7cT waveguide-err INFO copying path '/nix/store/shza3baza0x5mzblnglyr0a412g91bzf-libsodium-1.0.16' from 'https://0.entrypoint.co/cache'...
2019-02-16T10:50:53+00:00 kJaCo7cT waveguide-err INFO copying path '/nix/store/s2n99784krxl91mfw3cnn9ylbb5fjvkx-ncurses-6.1' from 'https://0.entrypoint.co/cache'...
2019-02-16T10:50:53+00:00 kJaCo7cT waveguide-err INFO copying path '/nix/store/zsglbnyb42fg0gyxrg6sm96phfj7ig4k-nghttp2-1.32.0-lib' from 'https://0.entrypoint.co/cache'...
2019-02-16T10:50:53+00:00 kJaCo7cT waveguide-err INFO copying path '/nix/store/y05afh6w3gqlwvj34fdnziy0yw2v8sfm-libedit-20180525-3.1' from 'https://0.entrypoint.co/cache'...
2019-02-16T10:50:53+00:00 kJaCo7cT waveguide-err INFO copying path '/nix/store/2plv4r5pkgh4p7443ahii1da2386rgzj-nix-2.1-man' from 'https://0.entrypoint.co/cache'...
2019-02-16T10:50:53+00:00 kJaCo7cT waveguide-err INFO copying path '/nix/store/9kr8r78bwk12050ppywfbhg1vrsd6dp8-openssl-1.0.2p' from 'https://0.entrypoint.co/cache'...
2019-02-16T10:50:53+00:00 kJaCo7cT waveguide-err INFO copying path '/nix/store/3jg1sj3va3rmm4fhw5xkybq9q3v8wnyi-pcre-8.42' from 'https://0.entrypoint.co/cache'...
2019-02-16T10:50:53+00:00 kJaCo7cT waveguide-err INFO copying path '/nix/store/apgbaliyj751yjdp2ffrvbb5ckwclfl4-pcre2-10.31' from 'https://0.entrypoint.co/cache'...
2019-02-16T10:50:53+00:00 kJaCo7cT waveguide-err INFO copying path '/nix/store/9f89z51na7w931aja8lqlmhqny9h16cj-gnugrep-3.1' from 'https://0.entrypoint.co/cache'...
2019-02-16T10:50:53+00:00 kJaCo7cT waveguide-err INFO copying path '/nix/store/q9ajsngf2w3r10dg7b1148wzq1avp4gj-perl-5.28.0' from 'https://0.entrypoint.co/cache'...
2019-02-16T10:50:53+00:00 kJaCo7cT waveguide-err INFO copying path '/nix/store/dmljw8i4cms287vbxxxgshn38b18ai2l-perl5.28.0-Encode-Locale-1.05' from 'https://0.entrypoint.co/cache'...
2019-02-16T10:50:53+00:00 kJaCo7cT waveguide-err INFO copying path '/nix/store/dpfb3bisrpjaya93iiqy8xp99jjxss5x-perl5.28.0-HTML-Tagset-3.20' from 'https://0.entrypoint.co/cache'...
2019-02-16T10:50:53+00:00 kJaCo7cT waveguide-err INFO copying path '/nix/store/x1x3pqcim188r2a01a2sqhh0h6hz75rp-perl5.28.0-HTTP-Date-6.02' from 'https://0.entrypoint.co/cache'...
2019-02-16T10:50:53+00:00 kJaCo7cT waveguide-err INFO copying path '/nix/store/hk6j7xbv4i8jla585qd8axp3imp2nkfd-perl5.28.0-HTML-Parser-3.72' from 'https://0.entrypoint.co/cache'...
2019-02-16T10:50:53+00:00 kJaCo7cT waveguide-err INFO copying path '/nix/store/zz87zpxyj99r211iqy4829hh2b9ldwrb-perl5.28.0-File-Listing-6.04' from 'https://0.entrypoint.co/cache'...
2019-02-16T10:50:53+00:00 kJaCo7cT waveguide-err INFO copying path '/nix/store/8scvyn7x647m3zm76a6cwj8pxlqzf9h1-perl5.28.0-IO-HTML-1.001' from 'https://0.entrypoint.co/cache'...
2019-02-16T10:50:53+00:00 kJaCo7cT waveguide-err INFO copying path '/nix/store/ai3ym338mjq97sc4mr0sabfncklr5sjl-perl5.28.0-LWP-MediaTypes-6.02' from 'https://0.entrypoint.co/cache'...
2019-02-16T10:50:53+00:00 kJaCo7cT waveguide-err INFO copying path '/nix/store/g905249s0fxwixg28ljc4zby3cg67xiv-perl5.28.0-TermReadKey-2.37' from 'https://0.entrypoint.co/cache'...
2019-02-16T10:50:53+00:00 kJaCo7cT waveguide-err INFO copying path '/nix/store/ah3maq2wbgyqh2dnvzc854j2xi78x8zg-perl5.28.0-Test-Needs-0.002005' from 'https://0.entrypoint.co/cache'...
2019-02-16T10:50:53+00:00 kJaCo7cT waveguide-err INFO copying path '/nix/store/ckxz3c0nb7cm91p9x5m0nhcpkcrljwa2-perl5.28.0-Test-RequiresInternet-0.05' from 'https://0.entrypoint.co/cache'...
2019-02-16T10:50:53+00:00 kJaCo7cT waveguide-err INFO copying path '/nix/store/8ihiaxrw596zmk1358d59k1nn2fjwis9-perl5.28.0-Try-Tiny-0.30' from 'https://0.entrypoint.co/cache'...
2019-02-16T10:50:53+00:00 kJaCo7cT waveguide-err INFO copying path '/nix/store/zaq0xrm4rawnn45js4a66i1var45nil2-perl5.28.0-URI-1.74' from 'https://0.entrypoint.co/cache'...
2019-02-16T10:50:53+00:00 kJaCo7cT waveguide-err INFO copying path '/nix/store/vh4plgdn2r6cf3sg3c6qk442k30c6c81-perl5.28.0-Test-Fatal-0.014' from 'https://0.entrypoint.co/cache'...
2019-02-16T10:50:53+00:00 kJaCo7cT waveguide-err INFO copying path '/nix/store/6fjzsx9yxp0amz0jj9ad3yq8l2ki07i0-perl5.28.0-HTTP-Message-6.18' from 'https://0.entrypoint.co/cache'...
2019-02-16T10:50:53+00:00 kJaCo7cT waveguide-err INFO copying path '/nix/store/5xaqak91mbr89ppp4aj793yj6dhallrk-perl5.28.0-Net-HTTP-6.18' from 'https://0.entrypoint.co/cache'...
2019-02-16T10:50:53+00:00 kJaCo7cT waveguide-err INFO copying path '/nix/store/0vlylwah7cyzjxzyiilwhwsdk3m07zll-perl5.28.0-HTTP-Cookies-6.04' from 'https://0.entrypoint.co/cache'...
2019-02-16T10:50:53+00:00 kJaCo7cT waveguide-err INFO copying path '/nix/store/y4d49k3h652wdybg9dh85dsnkrpr2bzk-perl5.28.0-HTTP-Daemon-6.01' from 'https://0.entrypoint.co/cache'...
2019-02-16T10:50:53+00:00 kJaCo7cT waveguide-err INFO copying path '/nix/store/1qchjvq5159laayjf35jrldabpbkyzvi-perl5.28.0-HTTP-Negotiate-6.01' from 'https://0.entrypoint.co/cache'...
2019-02-16T10:50:53+00:00 kJaCo7cT waveguide-err INFO copying path '/nix/store/amfm19rwjpyak5f1bifiydmfbys2xpr0-perl5.28.0-WWW-RobotRules-6.02' from 'https://0.entrypoint.co/cache'...
2019-02-16T10:50:53+00:00 kJaCo7cT waveguide-err INFO copying path '/nix/store/z2zhmrg6jcrn5iq2779mav0nnq4vm2q6-readline-6.3p08' from 'https://0.entrypoint.co/cache'...
2019-02-16T10:50:53+00:00 kJaCo7cT waveguide-err INFO copying path '/nix/store/p4hymrml64kr2xmv2dwv10cr6gkizrsq-perl5.28.0-libwww-perl-6.35' from 'https://0.entrypoint.co/cache'...
2019-02-16T10:50:53+00:00 kJaCo7cT waveguide-err INFO copying path '/nix/store/6v0w8pn91zqdm2ri7wgrlg3y16gqsbij-xz-5.2.4' from 'https://0.entrypoint.co/cache'...
2019-02-16T10:50:53+00:00 kJaCo7cT waveguide-err INFO copying path '/nix/store/bv6znzsv2qkbcwwa251dx7n5dshz3nr3-zlib-1.2.11' from 'https://0.entrypoint.co/cache'...
2019-02-16T10:50:53+00:00 kJaCo7cT waveguide-err INFO copying path '/nix/store/26lgqf0ja6rx8dnz972a3f56vfxmmmv5-xz-5.2.4-bin' from 'https://0.entrypoint.co/cache'...
2019-02-16T10:50:53+00:00 kJaCo7cT waveguide-err INFO copying path '/nix/store/5mlwh46dzm5qhgrhbbpdr0j1f17d44hk-cracklib-2.9.6' from 'https://0.entrypoint.co/cache'...
2019-02-16T10:50:53+00:00 kJaCo7cT waveguide-err INFO copying path '/nix/store/k97dv1k3fpsxcrrdqx79n1d72py1qssc-libssh2-1.8.0' from 'https://0.entrypoint.co/cache'...
2019-02-16T10:50:53+00:00 kJaCo7cT waveguide-err INFO copying path '/nix/store/a9ixyvhskqiy1akzq1jvra45yk2yl11a-linux-pam-1.3.0' from 'https://0.entrypoint.co/cache'...
2019-02-16T10:50:53+00:00 kJaCo7cT waveguide-err INFO copying path '/nix/store/ir8xfvrc777i875k3ygxjlf3ykj1nsgh-curl-7.59.0' from 'https://0.entrypoint.co/cache'...
2019-02-16T10:50:53+00:00 kJaCo7cT waveguide-err INFO copying path '/nix/store/9c9vryq51hlw0jr8ddk2yk1qvkaq0vl2-curl-7.61.0' from 'https://0.entrypoint.co/cache'...
2019-02-16T10:50:53+00:00 kJaCo7cT waveguide-err INFO copying path '/nix/store/mydwfxzk8bka4iwjml033dir6gkmqwic-openssh-7.7p1' from 'https://0.entrypoint.co/cache'...
2019-02-16T10:50:53+00:00 kJaCo7cT waveguide-err INFO copying path '/nix/store/r2ia0rfv30q4p5fq8n2jqywm7qqn2ns6-aws-sdk-cpp-1.5.17' from 'https://0.entrypoint.co/cache'...
2019-02-16T10:50:53+00:00 kJaCo7cT waveguide-err INFO copying path '/nix/store/92pyrnjf90wix80yzphv0z5fqilg88h5-sqlite-3.24.0' from 'https://0.entrypoint.co/cache'...
2019-02-16T10:50:53+00:00 kJaCo7cT waveguide-err INFO copying path '/nix/store/yl12ga4svrrq7qmzyxhig2mmrf0wmql6-nix-2.1' from 'https://0.entrypoint.co/cache'...
2019-02-16T10:50:53+00:00 kJaCo7cT waveguide-err INFO copying path '/nix/store/6b6lzbq74g95j8qlbrdjzkn2ghh81mgy-python-2.7.15' from 'https://0.entrypoint.co/cache'...
2019-02-16T10:50:53+00:00 kJaCo7cT waveguide-err INFO copying path '/nix/store/yypprmw8hrmvwyhhz23w8z25yjvdhnxb-git-2.18.0' from 'https://0.entrypoint.co/cache'...
2019-02-16T10:50:53+00:00 kJaCo7cT waveguide-err INFO copying path '/nix/store/0w7rvnby6sk6srxlr52jgzfn5mcpdmlb-nix-prefetch-git' from 'https://0.entrypoint.co/cache'...
2019-02-16T10:50:53+00:00 kJaCo7cT waveguide-out INFO /nix/store/0w7rvnby6sk6srxlr52jgzfn5mcpdmlb-nix-prefetch-git
2019-02-16T10:50:59+00:00 kJaCo7cT waveguide-usr INFO Running command du -hs /nix/store...
2019-02-16T10:50:59+00:00 kJaCo7cT waveguide-out INFO 477M	/nix/store
2019-02-16T10:51:00+00:00 kJaCo7cT waveguide-usr INFO Prefetch Git repository into the Nix store...
2019-02-16T10:51:00+00:00 kJaCo7cT waveguide-usr INFO Received signal EXIT.
